23:51:59.688 [main] DEBUG - Save content types part
23:51:59.694 [main] DEBUG - Save package relationships
23:51:59.695 [main] DEBUG - Save part 'docProps/app.xml'
23:51:59.695 [main] DEBUG - Save part 'docProps/core.xml'
23:51:59.695 [main] DEBUG - Save part 'xl/sharedStrings.xml'
23:51:59.696 [main] DEBUG - Save part 'xl/styles.xml'
23:51:59.696 [main] DEBUG - Save part 'xl/theme/theme1.xml'
23:51:59.696 [main] DEBUG - Save part 'xl/workbook.xml'
23:51:59.697 [main] DEBUG - Save part 'xl/worksheets/sheet1.xml'
23:51:59.706 [main] DEBUG - Parsing relationship: /xl/_rels/workbook.xml.rels
23:51:59.707 [main] DEBUG - Parsing relationship: /xl/worksheets/_rels/sheet1.xml.rels
23:51:59.708 [main] DEBUG - Parsing relationship: /_rels/.rels
23:51:59.734 [main] DEBUG - Save content types part
23:51:59.736 [main] DEBUG - Save package relationships
23:51:59.737 [main] DEBUG - Save part 'docProps/app.xml'
23:51:59.737 [main] DEBUG - Save part 'docProps/core.xml'
23:51:59.738 [main] DEBUG - Save part 'xl/sharedStrings.xml'
23:51:59.738 [main] DEBUG - Save part 'xl/styles.xml'
23:51:59.738 [main] DEBUG - Save part 'xl/theme/theme1.xml'
23:51:59.739 [main] DEBUG - Save part 'xl/workbook.xml'
23:51:59.740 [main] DEBUG - Save part 'xl/worksheets/sheet1.xml'
23:51:59.748 [main] DEBUG - Parsing relationship: /xl/_rels/workbook.xml.rels
23:51:59.748 [main] DEBUG - Parsing relationship: /xl/worksheets/_rels/sheet1.xml.rels
23:51:59.749 [main] DEBUG - Parsing relationship: /_rels/.rels
23:51:59.770 [main] DEBUG - Save content types part
23:51:59.771 [main] DEBUG - Save package relationships
23:51:59.771 [main] DEBUG - Save part 'docProps/app.xml'
23:51:59.772 [main] DEBUG - Save part 'docProps/core.xml'
23:51:59.772 [main] DEBUG - Save part 'xl/sharedStrings.xml'
23:51:59.772 [main] DEBUG - Save part 'xl/styles.xml'
23:51:59.772 [main] DEBUG - Save part 'xl/theme/theme1.xml'
23:51:59.774 [main] DEBUG - Save part 'xl/workbook.xml'
23:51:59.774 [main] DEBUG - Save part 'xl/worksheets/sheet1.xml'
23:51:59.784 [main] DEBUG - Parsing relationship: /xl/_rels/workbook.xml.rels
23:51:59.784 [main] DEBUG - Parsing relationship: /xl/worksheets/_rels/sheet1.xml.rels
23:51:59.784 [main] DEBUG - Parsing relationship: /_rels/.rels
23:51:59.801 [main] DEBUG - Save content types part
23:51:59.802 [main] DEBUG - Save package relationships
23:51:59.803 [main] DEBUG - Save part 'docProps/app.xml'
23:51:59.804 [main] DEBUG - Save part 'docProps/core.xml'
23:51:59.805 [main] DEBUG - Save part 'xl/sharedStrings.xml'
23:51:59.805 [main] DEBUG - Save part 'xl/styles.xml'
23:51:59.805 [main] DEBUG - Save part 'xl/theme/theme1.xml'
23:51:59.806 [main] DEBUG - Save part 'xl/workbook.xml'
23:51:59.807 [main] DEBUG - Save part 'xl/worksheets/sheet1.xml'
23:51:59.819 [main] DEBUG - Parsing relationship: /xl/_rels/workbook.xml.rels
23:51:59.820 [main] DEBUG - Parsing relationship: /xl/worksheets/_rels/sheet1.xml.rels
23:51:59.820 [main] DEBUG - Parsing relationship: /_rels/.rels
23:51:59.833 [main] DEBUG - Save content types part
23:51:59.834 [main] DEBUG - Save package relationships
23:51:59.835 [main] DEBUG - Save part 'docProps/app.xml'
23:51:59.835 [main] DEBUG - Save part 'docProps/core.xml'
23:51:59.836 [main] DEBUG - Save part 'xl/sharedStrings.xml'
23:51:59.837 [main] DEBUG - Save part 'xl/styles.xml'
23:51:59.837 [main] DEBUG - Save part 'xl/theme/theme1.xml'
23:51:59.837 [main] DEBUG - Save part 'xl/workbook.xml'
23:51:59.839 [main] DEBUG - Save part 'xl/worksheets/sheet1.xml'
23:51:59.846 [main] DEBUG - Parsing relationship: /xl/_rels/workbook.xml.rels
23:51:59.846 [main] DEBUG - Parsing relationship: /xl/worksheets/_rels/sheet1.xml.rels
23:51:59.846 [main] DEBUG - Parsing relationship: /_rels/.rels
23:51:59.859 [main] DEBUG - Save content types part
23:51:59.860 [main] DEBUG - Save package relationships
23:51:59.861 [main] DEBUG - Save part 'docProps/app.xml'
23:51:59.861 [main] DEBUG - Save part 'docProps/core.xml'
23:51:59.863 [main] DEBUG - Save part 'xl/sharedStrings.xml'
23:51:59.863 [main] DEBUG - Save part 'xl/styles.xml'
23:51:59.863 [main] DEBUG - Save part 'xl/theme/theme1.xml'
23:51:59.863 [main] DEBUG - Save part 'xl/workbook.xml'
23:51:59.864 [main] DEBUG - Save part 'xl/worksheets/sheet1.xml'
23:51:59.872 [main] DEBUG - Parsing relationship: /xl/_rels/workbook.xml.rels
23:51:59.872 [main] DEBUG - Parsing relationship: /xl/worksheets/_rels/sheet1.xml.rels
23:51:59.873 [main] DEBUG - Parsing relationship: /_rels/.rels
23:51:59.884 [main] DEBUG - Save content types part
23:51:59.886 [main] DEBUG - Save package relationships
23:51:59.886 [main] DEBUG - Save part 'docProps/app.xml'
23:51:59.886 [main] DEBUG - Save part 'docProps/core.xml'
23:51:59.887 [main] DEBUG - Save part 'xl/sharedStrings.xml'
23:51:59.887 [main] DEBUG - Save part 'xl/styles.xml'
23:51:59.888 [main] DEBUG - Save part 'xl/theme/theme1.xml'
23:51:59.888 [main] DEBUG - Save part 'xl/workbook.xml'
23:51:59.889 [main] DEBUG - Save part 'xl/worksheets/sheet1.xml'
23:51:59.896 [main] DEBUG - Parsing relationship: /xl/_rels/workbook.xml.rels
23:51:59.896 [main] DEBUG - Parsing relationship: /xl/worksheets/_rels/sheet1.xml.rels
23:51:59.898 [main] DEBUG - Parsing relationship: /_rels/.rels
23:51:59.910 [main] DEBUG - Save content types part
23:51:59.911 [main] DEBUG - Save package relationships
23:51:59.913 [main] DEBUG - Save part 'docProps/app.xml'
23:51:59.913 [main] DEBUG - Save part 'docProps/core.xml'
23:51:59.915 [main] DEBUG - Save part 'xl/sharedStrings.xml'
23:51:59.915 [main] DEBUG - Save part 'xl/styles.xml'
23:51:59.915 [main] DEBUG - Save part 'xl/theme/theme1.xml'
23:51:59.915 [main] DEBUG - Save part 'xl/workbook.xml'
23:51:59.915 [main] DEBUG - Save part 'xl/worksheets/sheet1.xml'
23:51:59.921 [main] DEBUG - Parsing relationship: /xl/_rels/workbook.xml.rels
23:51:59.921 [main] DEBUG - Parsing relationship: /xl/worksheets/_rels/sheet1.xml.rels
23:51:59.922 [main] DEBUG - Parsing relationship: /_rels/.rels
23:51:59.933 [main] DEBUG - Save content types part
23:51:59.935 [main] DEBUG - Save package relationships
23:51:59.935 [main] DEBUG - Save part 'docProps/app.xml'
23:51:59.935 [main] DEBUG - Save part 'docProps/core.xml'
23:51:59.936 [main] DEBUG - Save part 'xl/sharedStrings.xml'
23:51:59.936 [main] DEBUG - Save part 'xl/styles.xml'
23:51:59.936 [main] DEBUG - Save part 'xl/theme/theme1.xml'
23:51:59.936 [main] DEBUG - Save part 'xl/workbook.xml'
23:51:59.937 [main] DEBUG - Save part 'xl/worksheets/sheet1.xml'
23:51:59.942 [main] DEBUG - Parsing relationship: /xl/_rels/workbook.xml.rels
23:51:59.942 [main] DEBUG - Parsing relationship: /xl/worksheets/_rels/sheet1.xml.rels
23:51:59.942 [main] DEBUG - Parsing relationship: /_rels/.rels
23:51:59.952 [main] DEBUG - Save content types part
23:51:59.953 [main] DEBUG - Save package relationships
23:51:59.953 [main] DEBUG - Save part 'docProps/app.xml'
23:51:59.954 [main] DEBUG - Save part 'docProps/core.xml'
23:51:59.954 [main] DEBUG - Save part 'xl/sharedStrings.xml'
23:51:59.954 [main] DEBUG - Save part 'xl/styles.xml'
23:51:59.955 [main] DEBUG - Save part 'xl/theme/theme1.xml'
23:51:59.955 [main] DEBUG - Save part 'xl/workbook.xml'
23:51:59.956 [main] DEBUG - Save part 'xl/worksheets/sheet1.xml'
23:51:59.962 [main] DEBUG - Parsing relationship: /xl/_rels/workbook.xml.rels
23:51:59.963 [main] DEBUG - Parsing relationship: /xl/worksheets/_rels/sheet1.xml.rels
23:51:59.963 [main] DEBUG - Parsing relationship: /_rels/.rels
23:51:59.972 [main] DEBUG - Save content types part
23:51:59.973 [main] DEBUG - Save package relationships
23:51:59.973 [main] DEBUG - Save part 'docProps/app.xml'
23:51:59.973 [main] DEBUG - Save part 'docProps/core.xml'
23:51:59.974 [main] DEBUG - Save part 'xl/sharedStrings.xml'
23:51:59.974 [main] DEBUG - Save part 'xl/styles.xml'
23:51:59.974 [main] DEBUG - Save part 'xl/theme/theme1.xml'
23:51:59.974 [main] DEBUG - Save part 'xl/workbook.xml'
23:51:59.975 [main] DEBUG - Save part 'xl/worksheets/sheet1.xml'
23:51:59.981 [main] DEBUG - Parsing relationship: /xl/_rels/workbook.xml.rels
23:51:59.981 [main] DEBUG - Parsing relationship: /xl/worksheets/_rels/sheet1.xml.rels
23:51:59.981 [main] DEBUG - Parsing relationship: /_rels/.rels
23:51:59.993 [main] DEBUG - Save content types part
23:51:59.994 [main] DEBUG - Save package relationships
23:51:59.995 [main] DEBUG - Save part 'docProps/app.xml'
23:51:59.995 [main] DEBUG - Save part 'docProps/core.xml'
23:51:59.995 [main] DEBUG - Save part 'xl/sharedStrings.xml'
23:51:59.995 [main] DEBUG - Save part 'xl/styles.xml'
23:51:59.996 [main] DEBUG - Save part 'xl/theme/theme1.xml'
23:51:59.996 [main] DEBUG - Save part 'xl/workbook.xml'
23:51:59.996 [main] DEBUG - Save part 'xl/worksheets/sheet1.xml'
23:52:00.003 [main] DEBUG - Parsing relationship: /xl/_rels/workbook.xml.rels
23:52:00.004 [main] DEBUG - Parsing relationship: /xl/worksheets/_rels/sheet1.xml.rels
23:52:00.004 [main] DEBUG - Parsing relationship: /_rels/.rels
23:52:00.017 [main] DEBUG - Save content types part
23:52:00.018 [main] DEBUG - Save package relationships
23:52:00.018 [main] DEBUG - Save part 'docProps/app.xml'
23:52:00.018 [main] DEBUG - Save part 'docProps/core.xml'
23:52:00.019 [main] DEBUG - Save part 'xl/sharedStrings.xml'
23:52:00.019 [main] DEBUG - Save part 'xl/styles.xml'
23:52:00.019 [main] DEBUG - Save part 'xl/theme/theme1.xml'
23:52:00.019 [main] DEBUG - Save part 'xl/workbook.xml'
23:52:00.020 [main] DEBUG - Save part 'xl/worksheets/sheet1.xml'
23:52:00.027 [main] DEBUG - Parsing relationship: /xl/_rels/workbook.xml.rels
23:52:00.027 [main] DEBUG - Parsing relationship: /xl/worksheets/_rels/sheet1.xml.rels
23:52:00.028 [main] DEBUG - Parsing relationship: /_rels/.rels
23:52:00.038 [main] DEBUG - Save content types part
23:52:00.039 [main] DEBUG - Save package relationships
23:52:00.040 [main] DEBUG - Save part 'docProps/app.xml'
23:52:00.040 [main] DEBUG - Save part 'docProps/core.xml'
23:52:00.040 [main] DEBUG - Save part 'xl/sharedStrings.xml'
23:52:00.041 [main] DEBUG - Save part 'xl/styles.xml'
23:52:00.041 [main] DEBUG - Save part 'xl/theme/theme1.xml'
23:52:00.041 [main] DEBUG - Save part 'xl/workbook.xml'
23:52:00.042 [main] DEBUG - Save part 'xl/worksheets/sheet1.xml'
23:52:00.048 [main] DEBUG - Parsing relationship: /xl/_rels/workbook.xml.rels
23:52:00.048 [main] DEBUG - Parsing relationship: /xl/worksheets/_rels/sheet1.xml.rels
23:52:00.049 [main] DEBUG - Parsing relationship: /_rels/.rels
23:52:00.067 [main] DEBUG - Save content types part
23:52:00.068 [main] DEBUG - Save package relationships
23:52:00.068 [main] DEBUG - Save part 'docProps/app.xml'
23:52:00.068 [main] DEBUG - Save part 'docProps/core.xml'
23:52:00.069 [main] DEBUG - Save part 'xl/sharedStrings.xml'
23:52:00.069 [main] DEBUG - Save part 'xl/styles.xml'
23:52:00.069 [main] DEBUG - Save part 'xl/theme/theme1.xml'
23:52:00.070 [main] DEBUG - Save part 'xl/workbook.xml'
23:52:00.070 [main] DEBUG - Save part 'xl/worksheets/sheet1.xml'
23:52:00.079 [main] DEBUG - Parsing relationship: /xl/_rels/workbook.xml.rels
23:52:00.079 [main] DEBUG - Parsing relationship: /xl/worksheets/_rels/sheet1.xml.rels
23:52:00.080 [main] DEBUG - Parsing relationship: /_rels/.rels
23:52:00.105 [main] DEBUG - Save content types part
23:52:00.107 [main] DEBUG - Save package relationships
23:52:00.108 [main] DEBUG - Save part 'docProps/app.xml'
23:52:00.108 [main] DEBUG - Save part 'docProps/core.xml'
23:52:00.110 [main] DEBUG - Save part 'xl/sharedStrings.xml'
23:52:00.110 [main] DEBUG - Save part 'xl/styles.xml'
23:52:00.110 [main] DEBUG - Save part 'xl/theme/theme1.xml'
23:52:00.111 [main] DEBUG - Save part 'xl/workbook.xml'
23:52:00.112 [main] DEBUG - Save part 'xl/worksheets/sheet1.xml'
23:52:00.122 [main] DEBUG - Parsing relationship: /xl/_rels/workbook.xml.rels
23:52:00.122 [main] DEBUG - Parsing relationship: /xl/worksheets/_rels/sheet1.xml.rels
23:52:00.123 [main] DEBUG - Parsing relationship: /_rels/.rels
23:52:00.147 [main] DEBUG - Save content types part
23:52:00.148 [main] DEBUG - Save package relationships
23:52:00.149 [main] DEBUG - Save part 'docProps/app.xml'
23:52:00.150 [main] DEBUG - Save part 'docProps/core.xml'
23:52:00.151 [main] DEBUG - Save part 'xl/sharedStrings.xml'
23:52:00.152 [main] DEBUG - Save part 'xl/styles.xml'
23:52:00.152 [main] DEBUG - Save part 'xl/theme/theme1.xml'
23:52:00.153 [main] DEBUG - Save part 'xl/workbook.xml'
23:52:00.155 [main] DEBUG - Save part 'xl/worksheets/sheet1.xml'
23:52:00.165 [main] DEBUG - Parsing relationship: /xl/_rels/workbook.xml.rels
23:52:00.166 [main] DEBUG - Parsing relationship: /xl/worksheets/_rels/sheet1.xml.rels
23:52:00.167 [main] DEBUG - Parsing relationship: /_rels/.rels
23:52:00.190 [main] DEBUG - Save content types part
23:52:00.191 [main] DEBUG - Save package relationships
23:52:00.191 [main] DEBUG - Save part 'docProps/app.xml'
23:52:00.192 [main] DEBUG - Save part 'docProps/core.xml'
23:52:00.192 [main] DEBUG - Save part 'xl/sharedStrings.xml'
23:52:00.193 [main] DEBUG - Save part 'xl/styles.xml'
23:52:00.193 [main] DEBUG - Save part 'xl/theme/theme1.xml'
23:52:00.193 [main] DEBUG - Save part 'xl/workbook.xml'
23:52:00.194 [main] DEBUG - Save part 'xl/worksheets/sheet1.xml'
23:52:00.202 [main] DEBUG - Parsing relationship: /xl/_rels/workbook.xml.rels
23:52:00.203 [main] DEBUG - Parsing relationship: /xl/worksheets/_rels/sheet1.xml.rels
23:52:00.204 [main] DEBUG - Parsing relationship: /_rels/.rels
23:52:00.221 [main] DEBUG - Save content types part
23:52:00.222 [main] DEBUG - Save package relationships
23:52:00.223 [main] DEBUG - Save part 'docProps/app.xml'
23:52:00.223 [main] DEBUG - Save part 'docProps/core.xml'
23:52:00.224 [main] DEBUG - Save part 'xl/sharedStrings.xml'
23:52:00.224 [main] DEBUG - Save part 'xl/styles.xml'
23:52:00.224 [main] DEBUG - Save part 'xl/theme/theme1.xml'
23:52:00.225 [main] DEBUG - Save part 'xl/workbook.xml'
23:52:00.225 [main] DEBUG - Save part 'xl/worksheets/sheet1.xml'
23:52:00.233 [main] DEBUG - Parsing relationship: /xl/_rels/workbook.xml.rels
23:52:00.234 [main] DEBUG - Parsing relationship: /xl/worksheets/_rels/sheet1.xml.rels
23:52:00.234 [main] DEBUG - Parsing relationship: /_rels/.rels
23:52:00.253 [main] DEBUG - Save content types part
23:52:00.254 [main] DEBUG - Save package relationships
23:52:00.254 [main] DEBUG - Save part 'docProps/app.xml'
23:52:00.255 [main] DEBUG - Save part 'docProps/core.xml'
23:52:00.255 [main] DEBUG - Save part 'xl/sharedStrings.xml'
23:52:00.255 [main] DEBUG - Save part 'xl/styles.xml'
23:52:00.255 [main] DEBUG - Save part 'xl/theme/theme1.xml'
23:52:00.256 [main] DEBUG - Save part 'xl/workbook.xml'
23:52:00.256 [main] DEBUG - Save part 'xl/worksheets/sheet1.xml'
23:52:00.264 [main] DEBUG - Parsing relationship: /xl/_rels/workbook.xml.rels
23:52:00.264 [main] DEBUG - Parsing relationship: /xl/worksheets/_rels/sheet1.xml.rels
23:52:00.265 [main] DEBUG - Parsing relationship: /_rels/.rels
23:52:00.284 [main] DEBUG - Save content types part
23:52:00.285 [main] DEBUG - Save package relationships
23:52:00.285 [main] DEBUG - Save part 'docProps/app.xml'
23:52:00.285 [main] DEBUG - Save part 'docProps/core.xml'
23:52:00.286 [main] DEBUG - Save part 'xl/sharedStrings.xml'
23:52:00.286 [main] DEBUG - Save part 'xl/styles.xml'
23:52:00.286 [main] DEBUG - Save part 'xl/theme/theme1.xml'
23:52:00.287 [main] DEBUG - Save part 'xl/workbook.xml'
23:52:00.288 [main] DEBUG - Save part 'xl/worksheets/sheet1.xml'
23:52:00.294 [main] DEBUG - Parsing relationship: /xl/_rels/workbook.xml.rels
23:52:00.295 [main] DEBUG - Parsing relationship: /xl/worksheets/_rels/sheet1.xml.rels
23:52:00.295 [main] DEBUG - Parsing relationship: /_rels/.rels
23:52:00.312 [main] DEBUG - Save content types part
23:52:00.313 [main] DEBUG - Save package relationships
23:52:00.314 [main] DEBUG - Save part 'docProps/app.xml'
23:52:00.314 [main] DEBUG - Save part 'docProps/core.xml'
23:52:00.315 [main] DEBUG - Save part 'xl/sharedStrings.xml'
23:52:00.315 [main] DEBUG - Save part 'xl/styles.xml'
23:52:00.315 [main] DEBUG - Save part 'xl/theme/theme1.xml'
23:52:00.316 [main] DEBUG - Save part 'xl/workbook.xml'
23:52:00.317 [main] DEBUG - Save part 'xl/worksheets/sheet1.xml'
23:52:00.325 [main] DEBUG - Parsing relationship: /xl/_rels/workbook.xml.rels
23:52:00.325 [main] DEBUG - Parsing relationship: /xl/worksheets/_rels/sheet1.xml.rels
23:52:00.325 [main] DEBUG - Parsing relationship: /_rels/.rels
23:52:00.340 [main] DEBUG - Save content types part
23:52:00.341 [main] DEBUG - Save package relationships
23:52:00.342 [main] DEBUG - Save part 'docProps/app.xml'
23:52:00.342 [main] DEBUG - Save part 'docProps/core.xml'
23:52:00.343 [main] DEBUG - Save part 'xl/sharedStrings.xml'
23:52:00.343 [main] DEBUG - Save part 'xl/styles.xml'
23:52:00.343 [main] DEBUG - Save part 'xl/theme/theme1.xml'
23:52:00.344 [main] DEBUG - Save part 'xl/workbook.xml'
23:52:00.344 [main] DEBUG - Save part 'xl/worksheets/sheet1.xml'
23:52:00.354 [main] DEBUG - Parsing relationship: /xl/_rels/workbook.xml.rels
23:52:00.354 [main] DEBUG - Parsing relationship: /xl/worksheets/_rels/sheet1.xml.rels
23:52:00.355 [main] DEBUG - Parsing relationship: /_rels/.rels
23:52:00.373 [main] DEBUG - Save content types part
23:52:00.374 [main] DEBUG - Save package relationships
23:52:00.374 [main] DEBUG - Save part 'docProps/app.xml'
23:52:00.374 [main] DEBUG - Save part 'docProps/core.xml'
23:52:00.375 [main] DEBUG - Save part 'xl/sharedStrings.xml'
23:52:00.375 [main] DEBUG - Save part 'xl/styles.xml'
23:52:00.376 [main] DEBUG - Save part 'xl/theme/theme1.xml'
23:52:00.376 [main] DEBUG - Save part 'xl/workbook.xml'
23:52:00.377 [main] DEBUG - Save part 'xl/worksheets/sheet1.xml'
23:52:00.385 [main] DEBUG - Parsing relationship: /xl/_rels/workbook.xml.rels
23:52:00.386 [main] DEBUG - Parsing relationship: /xl/worksheets/_rels/sheet1.xml.rels
23:52:00.386 [main] DEBUG - Parsing relationship: /_rels/.rels
23:52:00.409 [main] DEBUG - Save content types part
23:52:00.410 [main] DEBUG - Save package relationships
23:52:00.411 [main] DEBUG - Save part 'docProps/app.xml'
23:52:00.411 [main] DEBUG - Save part 'docProps/core.xml'
23:52:00.412 [main] DEBUG - Save part 'xl/sharedStrings.xml'
23:52:00.412 [main] DEBUG - Save part 'xl/styles.xml'
23:52:00.413 [main] DEBUG - Save part 'xl/theme/theme1.xml'
23:52:00.413 [main] DEBUG - Save part 'xl/workbook.xml'
23:52:00.415 [main] DEBUG - Save part 'xl/worksheets/sheet1.xml'
23:52:00.428 [main] DEBUG - Parsing relationship: /xl/_rels/workbook.xml.rels
23:52:00.428 [main] DEBUG - Parsing relationship: /xl/worksheets/_rels/sheet1.xml.rels
23:52:00.429 [main] DEBUG - Parsing relationship: /_rels/.rels
23:52:00.454 [main] DEBUG - Save content types part
23:52:00.455 [main] DEBUG - Save package relationships
23:52:00.457 [main] DEBUG - Save part 'docProps/app.xml'
23:52:00.457 [main] DEBUG - Save part 'docProps/core.xml'
23:52:00.458 [main] DEBUG - Save part 'xl/sharedStrings.xml'
23:52:00.459 [main] DEBUG - Save part 'xl/styles.xml'
23:52:00.459 [main] DEBUG - Save part 'xl/theme/theme1.xml'
23:52:00.460 [main] DEBUG - Save part 'xl/workbook.xml'
23:52:00.462 [main] DEBUG - Save part 'xl/worksheets/sheet1.xml'
23:52:00.473 [main] DEBUG - Parsing relationship: /xl/_rels/workbook.xml.rels
23:52:00.474 [main] DEBUG - Parsing relationship: /xl/worksheets/_rels/sheet1.xml.rels
23:52:00.474 [main] DEBUG - Parsing relationship: /_rels/.rels
23:52:00.496 [main] DEBUG - Save content types part
23:52:00.497 [main] DEBUG - Save package relationships
23:52:00.498 [main] DEBUG - Save part 'docProps/app.xml'
23:52:00.498 [main] DEBUG - Save part 'docProps/core.xml'
23:52:00.500 [main] DEBUG - Save part 'xl/sharedStrings.xml'
23:52:00.500 [main] DEBUG - Save part 'xl/styles.xml'
23:52:00.500 [main] DEBUG - Save part 'xl/theme/theme1.xml'
23:52:00.501 [main] DEBUG - Save part 'xl/workbook.xml'
23:52:00.502 [main] DEBUG - Save part 'xl/worksheets/sheet1.xml'
23:52:00.511 [main] DEBUG - Parsing relationship: /xl/_rels/workbook.xml.rels
23:52:00.511 [main] DEBUG - Parsing relationship: /xl/worksheets/_rels/sheet1.xml.rels
23:52:00.512 [main] DEBUG - Parsing relationship: /_rels/.rels
23:52:00.528 [main] DEBUG - Save content types part
23:52:00.529 [main] DEBUG - Save package relationships
23:52:00.530 [main] DEBUG - Save part 'docProps/app.xml'
23:52:00.530 [main] DEBUG - Save part 'docProps/core.xml'
23:52:00.531 [main] DEBUG - Save part 'xl/sharedStrings.xml'
23:52:00.532 [main] DEBUG - Save part 'xl/styles.xml'
23:52:00.532 [main] DEBUG - Save part 'xl/theme/theme1.xml'
23:52:00.533 [main] DEBUG - Save part 'xl/workbook.xml'
23:52:00.534 [main] DEBUG - Save part 'xl/worksheets/sheet1.xml'
23:52:00.543 [main] DEBUG - Parsing relationship: /xl/_rels/workbook.xml.rels
23:52:00.543 [main] DEBUG - Parsing relationship: /xl/worksheets/_rels/sheet1.xml.rels
23:52:00.544 [main] DEBUG - Parsing relationship: /_rels/.rels
23:52:00.566 [main] DEBUG - Save content types part
23:52:00.568 [main] DEBUG - Save package relationships
23:52:00.569 [main] DEBUG - Save part 'docProps/app.xml'
23:52:00.569 [main] DEBUG - Save part 'docProps/core.xml'
23:52:00.570 [main] DEBUG - Save part 'xl/sharedStrings.xml'
23:52:00.571 [main] DEBUG - Save part 'xl/styles.xml'
23:52:00.571 [main] DEBUG - Save part 'xl/theme/theme1.xml'
23:52:00.572 [main] DEBUG - Save part 'xl/workbook.xml'
23:52:00.573 [main] DEBUG - Save part 'xl/worksheets/sheet1.xml'
23:52:00.582 [main] DEBUG - Parsing relationship: /xl/_rels/workbook.xml.rels
23:52:00.582 [main] DEBUG - Parsing relationship: /xl/worksheets/_rels/sheet1.xml.rels
23:52:00.583 [main] DEBUG - Parsing relationship: /_rels/.rels
23:52:00.605 [main] DEBUG - Save content types part
23:52:00.607 [main] DEBUG - Save package relationships
23:52:00.608 [main] DEBUG - Save part 'docProps/app.xml'
23:52:00.608 [main] DEBUG - Save part 'docProps/core.xml'
23:52:00.609 [main] DEBUG - Save part 'xl/sharedStrings.xml'
23:52:00.609 [main] DEBUG - Save part 'xl/styles.xml'
23:52:00.609 [main] DEBUG - Save part 'xl/theme/theme1.xml'
23:52:00.610 [main] DEBUG - Save part 'xl/workbook.xml'
23:52:00.611 [main] DEBUG - Save part 'xl/worksheets/sheet1.xml'
23:52:00.619 [main] DEBUG - Parsing relationship: /xl/_rels/workbook.xml.rels
23:52:00.619 [main] DEBUG - Parsing relationship: /xl/worksheets/_rels/sheet1.xml.rels
23:52:00.620 [main] DEBUG - Parsing relationship: /_rels/.rels
23:52:00.648 [main] DEBUG - Save content types part
23:52:00.649 [main] DEBUG - Save package relationships
23:52:00.650 [main] DEBUG - Save part 'docProps/app.xml'
23:52:00.651 [main] DEBUG - Save part 'docProps/core.xml'
23:52:00.652 [main] DEBUG - Save part 'xl/sharedStrings.xml'
23:52:00.652 [main] DEBUG - Save part 'xl/styles.xml'
23:52:00.652 [main] DEBUG - Save part 'xl/theme/theme1.xml'
23:52:00.653 [main] DEBUG - Save part 'xl/workbook.xml'
23:52:00.654 [main] DEBUG - Save part 'xl/worksheets/sheet1.xml'
23:52:00.664 [main] DEBUG - Parsing relationship: /xl/_rels/workbook.xml.rels
23:52:00.664 [main] DEBUG - Parsing relationship: /xl/worksheets/_rels/sheet1.xml.rels
23:52:00.665 [main] DEBUG - Parsing relationship: /_rels/.rels
23:52:00.683 [main] DEBUG - Save content types part
23:52:00.684 [main] DEBUG - Save package relationships
23:52:00.685 [main] DEBUG - Save part 'docProps/app.xml'
23:52:00.686 [main] DEBUG - Save part 'docProps/core.xml'
23:52:00.686 [main] DEBUG - Save part 'xl/sharedStrings.xml'
23:52:00.686 [main] DEBUG - Save part 'xl/styles.xml'
23:52:00.687 [main] DEBUG - Save part 'xl/theme/theme1.xml'
23:52:00.687 [main] DEBUG - Save part 'xl/workbook.xml'
23:52:00.688 [main] DEBUG - Save part 'xl/worksheets/sheet1.xml'
23:52:00.695 [main] DEBUG - Parsing relationship: /xl/_rels/workbook.xml.rels
23:52:00.696 [main] DEBUG - Parsing relationship: /xl/worksheets/_rels/sheet1.xml.rels
23:52:00.696 [main] DEBUG - Parsing relationship: /_rels/.rels
23:52:00.707 [main] DEBUG - Save content types part
23:52:00.708 [main] DEBUG - Save package relationships
23:52:00.708 [main] DEBUG - Save part 'docProps/app.xml'
23:52:00.708 [main] DEBUG - Save part 'docProps/core.xml'
23:52:00.709 [main] DEBUG - Save part 'xl/sharedStrings.xml'
23:52:00.711 [main] DEBUG - Save part 'xl/styles.xml'
23:52:00.711 [main] DEBUG - Save part 'xl/theme/theme1.xml'
23:52:00.711 [main] DEBUG - Save part 'xl/workbook.xml'
23:52:00.712 [main] DEBUG - Save part 'xl/worksheets/sheet1.xml'
23:52:00.721 [main] DEBUG - Parsing relationship: /xl/_rels/workbook.xml.rels
23:52:00.721 [main] DEBUG - Parsing relationship: /xl/worksheets/_rels/sheet1.xml.rels
23:52:00.722 [main] DEBUG - Parsing relationship: /_rels/.rels
23:52:00.736 [main] DEBUG - Save content types part
23:52:00.736 [main] DEBUG - Save package relationships
23:52:00.737 [main] DEBUG - Save part 'docProps/app.xml'
23:52:00.737 [main] DEBUG - Save part 'docProps/core.xml'
23:52:00.738 [main] DEBUG - Save part 'xl/sharedStrings.xml'
23:52:00.738 [main] DEBUG - Save part 'xl/styles.xml'
23:52:00.738 [main] DEBUG - Save part 'xl/theme/theme1.xml'
23:52:00.739 [main] DEBUG - Save part 'xl/workbook.xml'
23:52:00.740 [main] DEBUG - Save part 'xl/worksheets/sheet1.xml'
23:52:00.747 [main] DEBUG - Parsing relationship: /xl/_rels/workbook.xml.rels
23:52:00.748 [main] DEBUG - Parsing relationship: /xl/worksheets/_rels/sheet1.xml.rels
23:52:00.749 [main] DEBUG - Parsing relationship: /_rels/.rels
23:52:00.768 [main] DEBUG - Save content types part
23:52:00.769 [main] DEBUG - Save package relationships
23:52:00.770 [main] DEBUG - Save part 'docProps/app.xml'
23:52:00.770 [main] DEBUG - Save part 'docProps/core.xml'
23:52:00.771 [main] DEBUG - Save part 'xl/sharedStrings.xml'
23:52:00.771 [main] DEBUG - Save part 'xl/styles.xml'
23:52:00.771 [main] DEBUG - Save part 'xl/theme/theme1.xml'
23:52:00.772 [main] DEBUG - Save part 'xl/workbook.xml'
23:52:00.773 [main] DEBUG - Save part 'xl/worksheets/sheet1.xml'
23:52:00.779 [main] DEBUG - Parsing relationship: /xl/_rels/workbook.xml.rels
23:52:00.780 [main] DEBUG - Parsing relationship: /xl/worksheets/_rels/sheet1.xml.rels
23:52:00.781 [main] DEBUG - Parsing relationship: /_rels/.rels
23:52:00.795 [main] DEBUG - Save content types part
23:52:00.796 [main] DEBUG - Save package relationships
23:52:00.796 [main] DEBUG - Save part 'docProps/app.xml'
23:52:00.796 [main] DEBUG - Save part 'docProps/core.xml'
23:52:00.797 [main] DEBUG - Save part 'xl/sharedStrings.xml'
23:52:00.797 [main] DEBUG - Save part 'xl/styles.xml'
23:52:00.798 [main] DEBUG - Save part 'xl/theme/theme1.xml'
23:52:00.798 [main] DEBUG - Save part 'xl/workbook.xml'
23:52:00.799 [main] DEBUG - Save part 'xl/worksheets/sheet1.xml'
23:52:00.808 [main] DEBUG - Parsing relationship: /xl/_rels/workbook.xml.rels
23:52:00.808 [main] DEBUG - Parsing relationship: /xl/worksheets/_rels/sheet1.xml.rels
23:52:00.809 [main] DEBUG - Parsing relationship: /_rels/.rels
23:52:00.829 [main] DEBUG - Save content types part
23:52:00.831 [main] DEBUG - Save package relationships
23:52:00.832 [main] DEBUG - Save part 'docProps/app.xml'
23:52:00.832 [main] DEBUG - Save part 'docProps/core.xml'
23:52:00.833 [main] DEBUG - Save part 'xl/sharedStrings.xml'
23:52:00.834 [main] DEBUG - Save part 'xl/styles.xml'
23:52:00.834 [main] DEBUG - Save part 'xl/theme/theme1.xml'
23:52:00.834 [main] DEBUG - Save part 'xl/workbook.xml'
23:52:00.835 [main] DEBUG - Save part 'xl/worksheets/sheet1.xml'
23:52:00.842 [main] DEBUG - Parsing relationship: /xl/_rels/workbook.xml.rels
23:52:00.842 [main] DEBUG - Parsing relationship: /xl/worksheets/_rels/sheet1.xml.rels
23:52:00.843 [main] DEBUG - Parsing relationship: /_rels/.rels
23:52:00.858 [main] DEBUG - Save content types part
23:52:00.860 [main] DEBUG - Save package relationships
23:52:00.861 [main] DEBUG - Save part 'docProps/app.xml'
23:52:00.861 [main] DEBUG - Save part 'docProps/core.xml'
23:52:00.862 [main] DEBUG - Save part 'xl/sharedStrings.xml'
23:52:00.862 [main] DEBUG - Save part 'xl/styles.xml'
23:52:00.862 [main] DEBUG - Save part 'xl/theme/theme1.xml'
23:52:00.863 [main] DEBUG - Save part 'xl/workbook.xml'
23:52:00.863 [main] DEBUG - Save part 'xl/worksheets/sheet1.xml'
23:52:00.870 [main] DEBUG - Parsing relationship: /xl/_rels/workbook.xml.rels
23:52:00.871 [main] DEBUG - Parsing relationship: /xl/worksheets/_rels/sheet1.xml.rels
23:52:00.872 [main] DEBUG - Parsing relationship: /_rels/.rels
23:52:00.893 [main] DEBUG - Save content types part
23:52:00.894 [main] DEBUG - Save package relationships
23:52:00.895 [main] DEBUG - Save part 'docProps/app.xml'
23:52:00.895 [main] DEBUG - Save part 'docProps/core.xml'
23:52:00.896 [main] DEBUG - Save part 'xl/sharedStrings.xml'
23:52:00.896 [main] DEBUG - Save part 'xl/styles.xml'
23:52:00.896 [main] DEBUG - Save part 'xl/theme/theme1.xml'
23:52:00.897 [main] DEBUG - Save part 'xl/workbook.xml'
23:52:00.898 [main] DEBUG - Save part 'xl/worksheets/sheet1.xml'
23:52:00.905 [main] DEBUG - Parsing relationship: /xl/_rels/workbook.xml.rels
23:52:00.905 [main] DEBUG - Parsing relationship: /xl/worksheets/_rels/sheet1.xml.rels
23:52:00.905 [main] DEBUG - Parsing relationship: /_rels/.rels
23:52:00.917 [main] DEBUG - Save content types part
23:52:00.918 [main] DEBUG - Save package relationships
23:52:00.918 [main] DEBUG - Save part 'docProps/app.xml'
23:52:00.918 [main] DEBUG - Save part 'docProps/core.xml'
23:52:00.918 [main] DEBUG - Save part 'xl/sharedStrings.xml'
23:52:00.919 [main] DEBUG - Save part 'xl/styles.xml'
23:52:00.919 [main] DEBUG - Save part 'xl/theme/theme1.xml'
23:52:00.919 [main] DEBUG - Save part 'xl/workbook.xml'
23:52:00.919 [main] DEBUG - Save part 'xl/worksheets/sheet1.xml'
23:52:00.925 [main] DEBUG - Parsing relationship: /xl/_rels/workbook.xml.rels
23:52:00.925 [main] DEBUG - Parsing relationship: /xl/worksheets/_rels/sheet1.xml.rels
23:52:00.926 [main] DEBUG - Parsing relationship: /_rels/.rels
23:52:00.938 [main] DEBUG - Save content types part
23:52:00.938 [main] DEBUG - Save package relationships
23:52:00.939 [main] DEBUG - Save part 'docProps/app.xml'
23:52:00.939 [main] DEBUG - Save part 'docProps/core.xml'
23:52:00.941 [main] DEBUG - Save part 'xl/sharedStrings.xml'
23:52:00.941 [main] DEBUG - Save part 'xl/styles.xml'
23:52:00.941 [main] DEBUG - Save part 'xl/theme/theme1.xml'
23:52:00.941 [main] DEBUG - Save part 'xl/workbook.xml'
23:52:00.941 [main] DEBUG - Save part 'xl/worksheets/sheet1.xml'
23:52:00.948 [main] DEBUG - Parsing relationship: /xl/_rels/workbook.xml.rels
23:52:00.948 [main] DEBUG - Parsing relationship: /xl/worksheets/_rels/sheet1.xml.rels
23:52:00.948 [main] DEBUG - Parsing relationship: /_rels/.rels
23:52:00.959 [main] DEBUG - Save content types part
23:52:00.961 [main] DEBUG - Save package relationships
23:52:00.962 [main] DEBUG - Save part 'docProps/app.xml'
23:52:00.962 [main] DEBUG - Save part 'docProps/core.xml'
23:52:00.963 [main] DEBUG - Save part 'xl/sharedStrings.xml'
23:52:00.963 [main] DEBUG - Save part 'xl/styles.xml'
23:52:00.964 [main] DEBUG - Save part 'xl/theme/theme1.xml'
23:52:00.964 [main] DEBUG - Save part 'xl/workbook.xml'
23:52:00.965 [main] DEBUG - Save part 'xl/worksheets/sheet1.xml'
23:52:00.971 [main] DEBUG - Parsing relationship: /xl/_rels/workbook.xml.rels
23:52:00.971 [main] DEBUG - Parsing relationship: /xl/worksheets/_rels/sheet1.xml.rels
23:52:00.972 [main] DEBUG - Parsing relationship: /_rels/.rels
23:52:00.987 [main] DEBUG - Save content types part
23:52:00.988 [main] DEBUG - Save package relationships
23:52:00.988 [main] DEBUG - Save part 'docProps/app.xml'
23:52:00.988 [main] DEBUG - Save part 'docProps/core.xml'
23:52:00.989 [main] DEBUG - Save part 'xl/sharedStrings.xml'
23:52:00.989 [main] DEBUG - Save part 'xl/styles.xml'
23:52:00.989 [main] DEBUG - Save part 'xl/theme/theme1.xml'
23:52:00.989 [main] DEBUG - Save part 'xl/workbook.xml'
23:52:00.990 [main] DEBUG - Save part 'xl/worksheets/sheet1.xml'
23:52:00.995 [main] DEBUG - Parsing relationship: /xl/_rels/workbook.xml.rels
23:52:00.996 [main] DEBUG - Parsing relationship: /xl/worksheets/_rels/sheet1.xml.rels
23:52:00.996 [main] DEBUG - Parsing relationship: /_rels/.rels
23:52:01.009 [main] DEBUG - Save content types part
23:52:01.010 [main] DEBUG - Save package relationships
23:52:01.010 [main] DEBUG - Save part 'docProps/app.xml'
23:52:01.010 [main] DEBUG - Save part 'docProps/core.xml'
23:52:01.011 [main] DEBUG - Save part 'xl/sharedStrings.xml'
23:52:01.011 [main] DEBUG - Save part 'xl/styles.xml'
23:52:01.011 [main] DEBUG - Save part 'xl/theme/theme1.xml'
23:52:01.012 [main] DEBUG - Save part 'xl/workbook.xml'
23:52:01.012 [main] DEBUG - Save part 'xl/worksheets/sheet1.xml'
23:52:01.018 [main] DEBUG - Parsing relationship: /xl/_rels/workbook.xml.rels
23:52:01.019 [main] DEBUG - Parsing relationship: /xl/worksheets/_rels/sheet1.xml.rels
23:52:01.019 [main] DEBUG - Parsing relationship: /_rels/.rels
23:52:01.034 [main] DEBUG - Save content types part
23:52:01.034 [main] DEBUG - Save package relationships
23:52:01.034 [main] DEBUG - Save part 'docProps/app.xml'
23:52:01.034 [main] DEBUG - Save part 'docProps/core.xml'
23:52:01.035 [main] DEBUG - Save part 'xl/sharedStrings.xml'
23:52:01.035 [main] DEBUG - Save part 'xl/styles.xml'
23:52:01.035 [main] DEBUG - Save part 'xl/theme/theme1.xml'
23:52:01.036 [main] DEBUG - Save part 'xl/workbook.xml'
23:52:01.036 [main] DEBUG - Save part 'xl/worksheets/sheet1.xml'
23:52:01.044 [main] DEBUG - Parsing relationship: /xl/_rels/workbook.xml.rels
23:52:01.045 [main] DEBUG - Parsing relationship: /xl/worksheets/_rels/sheet1.xml.rels
23:52:01.045 [main] DEBUG - Parsing relationship: /_rels/.rels
23:52:01.064 [main] DEBUG - Save content types part
23:52:01.065 [main] DEBUG - Save package relationships
23:52:01.067 [main] DEBUG - Save part 'docProps/app.xml'
23:52:01.067 [main] DEBUG - Save part 'docProps/core.xml'
23:52:01.068 [main] DEBUG - Save part 'xl/sharedStrings.xml'
23:52:01.069 [main] DEBUG - Save part 'xl/styles.xml'
23:52:01.069 [main] DEBUG - Save part 'xl/theme/theme1.xml'
23:52:01.071 [main] DEBUG - Save part 'xl/workbook.xml'
23:52:01.071 [main] DEBUG - Save part 'xl/worksheets/sheet1.xml'
23:52:01.082 [main] DEBUG - Parsing relationship: /xl/_rels/workbook.xml.rels
23:52:01.084 [main] DEBUG - Parsing relationship: /xl/worksheets/_rels/sheet1.xml.rels
23:52:01.084 [main] DEBUG - Parsing relationship: /_rels/.rels
23:52:01.099 [main] DEBUG - Save content types part
23:52:01.100 [main] DEBUG - Save package relationships
23:52:01.101 [main] DEBUG - Save part 'docProps/app.xml'
23:52:01.101 [main] DEBUG - Save part 'docProps/core.xml'
23:52:01.102 [main] DEBUG - Save part 'xl/sharedStrings.xml'
23:52:01.102 [main] DEBUG - Save part 'xl/styles.xml'
23:52:01.103 [main] DEBUG - Save part 'xl/theme/theme1.xml'
23:52:01.104 [main] DEBUG - Save part 'xl/workbook.xml'
23:52:01.105 [main] DEBUG - Save part 'xl/worksheets/sheet1.xml'
23:52:01.114 [main] DEBUG - Parsing relationship: /xl/_rels/workbook.xml.rels
23:52:01.114 [main] DEBUG - Parsing relationship: /xl/worksheets/_rels/sheet1.xml.rels
23:52:01.115 [main] DEBUG - Parsing relationship: /_rels/.rels
23:52:01.141 [main] DEBUG - Save content types part
23:52:01.143 [main] DEBUG - Save package relationships
23:52:01.144 [main] DEBUG - Save part 'docProps/app.xml'
23:52:01.144 [main] DEBUG - Save part 'docProps/core.xml'
23:52:01.146 [main] DEBUG - Save part 'xl/sharedStrings.xml'
23:52:01.146 [main] DEBUG - Save part 'xl/styles.xml'
23:52:01.147 [main] DEBUG - Save part 'xl/theme/theme1.xml'
23:52:01.147 [main] DEBUG - Save part 'xl/workbook.xml'
23:52:01.149 [main] DEBUG - Save part 'xl/worksheets/sheet1.xml'
23:52:01.158 [main] DEBUG - Parsing relationship: /xl/_rels/workbook.xml.rels
23:52:01.158 [main] DEBUG - Parsing relationship: /xl/worksheets/_rels/sheet1.xml.rels
23:52:01.159 [main] DEBUG - Parsing relationship: /_rels/.rels
23:52:01.181 [main] DEBUG - Save content types part
23:52:01.184 [main] DEBUG - Save package relationships
23:52:01.185 [main] DEBUG - Save part 'docProps/app.xml'
23:52:01.185 [main] DEBUG - Save part 'docProps/core.xml'
23:52:01.187 [main] DEBUG - Save part 'xl/sharedStrings.xml'
23:52:01.187 [main] DEBUG - Save part 'xl/styles.xml'
23:52:01.188 [main] DEBUG - Save part 'xl/theme/theme1.xml'
23:52:01.188 [main] DEBUG - Save part 'xl/workbook.xml'
23:52:01.190 [main] DEBUG - Save part 'xl/worksheets/sheet1.xml'
23:52:01.198 [main] DEBUG - Parsing relationship: /xl/_rels/workbook.xml.rels
23:52:01.199 [main] DEBUG - Parsing relationship: /xl/worksheets/_rels/sheet1.xml.rels
23:52:01.199 [main] DEBUG - Parsing relationship: /_rels/.rels
23:52:01.221 [main] DEBUG - Save content types part
23:52:01.222 [main] DEBUG - Save package relationships
23:52:01.223 [main] DEBUG - Save part 'docProps/app.xml'
23:52:01.223 [main] DEBUG - Save part 'docProps/core.xml'
23:52:01.224 [main] DEBUG - Save part 'xl/sharedStrings.xml'
23:52:01.224 [main] DEBUG - Save part 'xl/styles.xml'
23:52:01.225 [main] DEBUG - Save part 'xl/theme/theme1.xml'
23:52:01.226 [main] DEBUG - Save part 'xl/workbook.xml'
23:52:01.227 [main] DEBUG - Save part 'xl/worksheets/sheet1.xml'
23:52:01.236 [main] DEBUG - Parsing relationship: /xl/_rels/workbook.xml.rels
23:52:01.236 [main] DEBUG - Parsing relationship: /xl/worksheets/_rels/sheet1.xml.rels
23:52:01.236 [main] DEBUG - Parsing relationship: /_rels/.rels
23:52:01.254 [main] DEBUG - Save content types part
23:52:01.255 [main] DEBUG - Save package relationships
23:52:01.256 [main] DEBUG - Save part 'docProps/app.xml'
23:52:01.256 [main] DEBUG - Save part 'docProps/core.xml'
23:52:01.257 [main] DEBUG - Save part 'xl/sharedStrings.xml'
23:52:01.257 [main] DEBUG - Save part 'xl/styles.xml'
23:52:01.257 [main] DEBUG - Save part 'xl/theme/theme1.xml'
23:52:01.258 [main] DEBUG - Save part 'xl/workbook.xml'
23:52:01.259 [main] DEBUG - Save part 'xl/worksheets/sheet1.xml'
23:52:01.267 [main] DEBUG - Parsing relationship: /xl/_rels/workbook.xml.rels
23:52:01.267 [main] DEBUG - Parsing relationship: /xl/worksheets/_rels/sheet1.xml.rels
23:52:01.268 [main] DEBUG - Parsing relationship: /_rels/.rels
23:52:01.280 [main] DEBUG - Save content types part
23:52:01.281 [main] DEBUG - Save package relationships
23:52:01.281 [main] DEBUG - Save part 'docProps/app.xml'
23:52:01.282 [main] DEBUG - Save part 'docProps/core.xml'
23:52:01.282 [main] DEBUG - Save part 'xl/sharedStrings.xml'
23:52:01.282 [main] DEBUG - Save part 'xl/styles.xml'
23:52:01.282 [main] DEBUG - Save part 'xl/theme/theme1.xml'
23:52:01.283 [main] DEBUG - Save part 'xl/workbook.xml'
23:52:01.283 [main] DEBUG - Save part 'xl/worksheets/sheet1.xml'
23:52:01.289 [main] DEBUG - Parsing relationship: /xl/_rels/workbook.xml.rels
23:52:01.289 [main] DEBUG - Parsing relationship: /xl/worksheets/_rels/sheet1.xml.rels
23:52:01.290 [main] DEBUG - Parsing relationship: /_rels/.rels
23:52:01.306 [main] DEBUG - Save content types part
23:52:01.307 [main] DEBUG - Save package relationships
23:52:01.308 [main] DEBUG - Save part 'docProps/app.xml'
23:52:01.308 [main] DEBUG - Save part 'docProps/core.xml'
23:52:01.309 [main] DEBUG - Save part 'xl/sharedStrings.xml'
23:52:01.309 [main] DEBUG - Save part 'xl/styles.xml'
23:52:01.310 [main] DEBUG - Save part 'xl/theme/theme1.xml'
23:52:01.310 [main] DEBUG - Save part 'xl/workbook.xml'
23:52:01.311 [main] DEBUG - Save part 'xl/worksheets/sheet1.xml'
23:52:01.320 [main] DEBUG - Parsing relationship: /xl/_rels/workbook.xml.rels
23:52:01.321 [main] DEBUG - Parsing relationship: /xl/worksheets/_rels/sheet1.xml.rels
23:52:01.321 [main] DEBUG - Parsing relationship: /_rels/.rels
23:52:01.339 [main] DEBUG - Save content types part
23:52:01.339 [main] DEBUG - Save package relationships
23:52:01.340 [main] DEBUG - Save part 'docProps/app.xml'
23:52:01.340 [main] DEBUG - Save part 'docProps/core.xml'
23:52:01.341 [main] DEBUG - Save part 'xl/sharedStrings.xml'
23:52:01.341 [main] DEBUG - Save part 'xl/styles.xml'
23:52:01.341 [main] DEBUG - Save part 'xl/theme/theme1.xml'
23:52:01.342 [main] DEBUG - Save part 'xl/workbook.xml'
23:52:01.342 [main] DEBUG - Save part 'xl/worksheets/sheet1.xml'
23:52:01.349 [main] DEBUG - Parsing relationship: /xl/_rels/workbook.xml.rels
23:52:01.349 [main] DEBUG - Parsing relationship: /xl/worksheets/_rels/sheet1.xml.rels
23:52:01.349 [main] DEBUG - Parsing relationship: /_rels/.rels
23:52:01.358 [main] DEBUG - Save content types part
23:52:01.359 [main] DEBUG - Save package relationships
23:52:01.359 [main] DEBUG - Save part 'docProps/app.xml'
23:52:01.359 [main] DEBUG - Save part 'docProps/core.xml'
23:52:01.360 [main] DEBUG - Save part 'xl/sharedStrings.xml'
23:52:01.360 [main] DEBUG - Save part 'xl/styles.xml'
23:52:01.360 [main] DEBUG - Save part 'xl/theme/theme1.xml'
23:52:01.361 [main] DEBUG - Save part 'xl/workbook.xml'
23:52:01.362 [main] DEBUG - Save part 'xl/worksheets/sheet1.xml'
23:52:01.369 [main] DEBUG - Parsing relationship: /xl/_rels/workbook.xml.rels
23:52:01.369 [main] DEBUG - Parsing relationship: /xl/worksheets/_rels/sheet1.xml.rels
23:52:01.370 [main] DEBUG - Parsing relationship: /_rels/.rels
23:52:01.383 [main] DEBUG - Save content types part
23:52:01.384 [main] DEBUG - Save package relationships
23:52:01.384 [main] DEBUG - Save part 'docProps/app.xml'
23:52:01.384 [main] DEBUG - Save part 'docProps/core.xml'
23:52:01.385 [main] DEBUG - Save part 'xl/sharedStrings.xml'
23:52:01.385 [main] DEBUG - Save part 'xl/styles.xml'
23:52:01.385 [main] DEBUG - Save part 'xl/theme/theme1.xml'
23:52:01.386 [main] DEBUG - Save part 'xl/workbook.xml'
23:52:01.386 [main] DEBUG - Save part 'xl/worksheets/sheet1.xml'
23:52:01.392 [main] DEBUG - Parsing relationship: /xl/_rels/workbook.xml.rels
23:52:01.392 [main] DEBUG - Parsing relationship: /xl/worksheets/_rels/sheet1.xml.rels
23:52:01.392 [main] DEBUG - Parsing relationship: /_rels/.rels
23:52:01.403 [main] DEBUG - Save content types part
23:52:01.404 [main] DEBUG - Save package relationships
23:52:01.405 [main] DEBUG - Save part 'docProps/app.xml'
23:52:01.405 [main] DEBUG - Save part 'docProps/core.xml'
23:52:01.405 [main] DEBUG - Save part 'xl/sharedStrings.xml'
23:52:01.405 [main] DEBUG - Save part 'xl/styles.xml'
23:52:01.405 [main] DEBUG - Save part 'xl/theme/theme1.xml'
23:52:01.406 [main] DEBUG - Save part 'xl/workbook.xml'
23:52:01.406 [main] DEBUG - Save part 'xl/worksheets/sheet1.xml'
23:52:01.413 [main] DEBUG - Parsing relationship: /xl/_rels/workbook.xml.rels
23:52:01.413 [main] DEBUG - Parsing relationship: /xl/worksheets/_rels/sheet1.xml.rels
23:52:01.413 [main] DEBUG - Parsing relationship: /_rels/.rels
23:52:01.423 [main] DEBUG - Save content types part
23:52:01.424 [main] DEBUG - Save package relationships
23:52:01.424 [main] DEBUG - Save part 'docProps/app.xml'
23:52:01.424 [main] DEBUG - Save part 'docProps/core.xml'
23:52:01.425 [main] DEBUG - Save part 'xl/sharedStrings.xml'
23:52:01.425 [main] DEBUG - Save part 'xl/styles.xml'
23:52:01.425 [main] DEBUG - Save part 'xl/theme/theme1.xml'
23:52:01.425 [main] DEBUG - Save part 'xl/workbook.xml'
23:52:01.426 [main] DEBUG - Save part 'xl/worksheets/sheet1.xml'
23:52:01.433 [main] DEBUG - Parsing relationship: /xl/_rels/workbook.xml.rels
23:52:01.433 [main] DEBUG - Parsing relationship: /xl/worksheets/_rels/sheet1.xml.rels
23:52:01.433 [main] DEBUG - Parsing relationship: /_rels/.rels
23:52:01.446 [main] DEBUG - Save content types part
23:52:01.447 [main] DEBUG - Save package relationships
23:52:01.447 [main] DEBUG - Save part 'docProps/app.xml'
23:52:01.447 [main] DEBUG - Save part 'docProps/core.xml'
23:52:01.447 [main] DEBUG - Save part 'xl/sharedStrings.xml'
23:52:01.447 [main] DEBUG - Save part 'xl/styles.xml'
23:52:01.447 [main] DEBUG - Save part 'xl/theme/theme1.xml'
23:52:01.448 [main] DEBUG - Save part 'xl/workbook.xml'
23:52:01.448 [main] DEBUG - Save part 'xl/worksheets/sheet1.xml'
23:52:01.453 [main] DEBUG - Parsing relationship: /xl/_rels/workbook.xml.rels
23:52:01.453 [main] DEBUG - Parsing relationship: /xl/worksheets/_rels/sheet1.xml.rels
23:52:01.453 [main] DEBUG - Parsing relationship: /_rels/.rels
23:52:01.464 [main] DEBUG - Save content types part
23:52:01.465 [main] DEBUG - Save package relationships
23:52:01.465 [main] DEBUG - Save part 'docProps/app.xml'
23:52:01.465 [main] DEBUG - Save part 'docProps/core.xml'
23:52:01.466 [main] DEBUG - Save part 'xl/sharedStrings.xml'
23:52:01.466 [main] DEBUG - Save part 'xl/styles.xml'
23:52:01.466 [main] DEBUG - Save part 'xl/theme/theme1.xml'
23:52:01.466 [main] DEBUG - Save part 'xl/workbook.xml'
23:52:01.467 [main] DEBUG - Save part 'xl/worksheets/sheet1.xml'
23:52:01.474 [main] DEBUG - Parsing relationship: /xl/_rels/workbook.xml.rels
23:52:01.474 [main] DEBUG - Parsing relationship: /xl/worksheets/_rels/sheet1.xml.rels
23:52:01.474 [main] DEBUG - Parsing relationship: /_rels/.rels
23:52:01.485 [main] DEBUG - Save content types part
23:52:01.486 [main] DEBUG - Save package relationships
23:52:01.486 [main] DEBUG - Save part 'docProps/app.xml'
23:52:01.486 [main] DEBUG - Save part 'docProps/core.xml'
23:52:01.486 [main] DEBUG - Save part 'xl/sharedStrings.xml'
23:52:01.487 [main] DEBUG - Save part 'xl/styles.xml'
23:52:01.487 [main] DEBUG - Save part 'xl/theme/theme1.xml'
23:52:01.487 [main] DEBUG - Save part 'xl/workbook.xml'
23:52:01.487 [main] DEBUG - Save part 'xl/worksheets/sheet1.xml'
23:52:01.493 [main] DEBUG - Parsing relationship: /xl/_rels/workbook.xml.rels
23:52:01.493 [main] DEBUG - Parsing relationship: /xl/worksheets/_rels/sheet1.xml.rels
23:52:01.493 [main] DEBUG - Parsing relationship: /_rels/.rels
23:52:01.504 [main] DEBUG - Save content types part
23:52:01.505 [main] DEBUG - Save package relationships
23:52:01.505 [main] DEBUG - Save part 'docProps/app.xml'
23:52:01.505 [main] DEBUG - Save part 'docProps/core.xml'
23:52:01.506 [main] DEBUG - Save part 'xl/sharedStrings.xml'
23:52:01.506 [main] DEBUG - Save part 'xl/styles.xml'
23:52:01.506 [main] DEBUG - Save part 'xl/theme/theme1.xml'
23:52:01.506 [main] DEBUG - Save part 'xl/workbook.xml'
23:52:01.507 [main] DEBUG - Save part 'xl/worksheets/sheet1.xml'
23:52:01.513 [main] DEBUG - Parsing relationship: /xl/_rels/workbook.xml.rels
23:52:01.513 [main] DEBUG - Parsing relationship: /xl/worksheets/_rels/sheet1.xml.rels
23:52:01.513 [main] DEBUG - Parsing relationship: /_rels/.rels
23:52:01.523 [main] DEBUG - Save content types part
23:52:01.524 [main] DEBUG - Save package relationships
23:52:01.524 [main] DEBUG - Save part 'docProps/app.xml'
23:52:01.524 [main] DEBUG - Save part 'docProps/core.xml'
23:52:01.524 [main] DEBUG - Save part 'xl/sharedStrings.xml'
23:52:01.525 [main] DEBUG - Save part 'xl/styles.xml'
23:52:01.525 [main] DEBUG - Save part 'xl/theme/theme1.xml'
23:52:01.525 [main] DEBUG - Save part 'xl/workbook.xml'
23:52:01.525 [main] DEBUG - Save part 'xl/worksheets/sheet1.xml'
23:52:01.531 [main] DEBUG - Parsing relationship: /xl/_rels/workbook.xml.rels
23:52:01.531 [main] DEBUG - Parsing relationship: /xl/worksheets/_rels/sheet1.xml.rels
23:52:01.532 [main] DEBUG - Parsing relationship: /_rels/.rels
23:52:01.541 [main] DEBUG - Save content types part
23:52:01.542 [main] DEBUG - Save package relationships
23:52:01.542 [main] DEBUG - Save part 'docProps/app.xml'
23:52:01.542 [main] DEBUG - Save part 'docProps/core.xml'
23:52:01.542 [main] DEBUG - Save part 'xl/sharedStrings.xml'
23:52:01.543 [main] DEBUG - Save part 'xl/styles.xml'
23:52:01.543 [main] DEBUG - Save part 'xl/theme/theme1.xml'
23:52:01.543 [main] DEBUG - Save part 'xl/workbook.xml'
23:52:01.543 [main] DEBUG - Save part 'xl/worksheets/sheet1.xml'
23:52:01.549 [main] DEBUG - Parsing relationship: /xl/_rels/workbook.xml.rels
23:52:01.549 [main] DEBUG - Parsing relationship: /xl/worksheets/_rels/sheet1.xml.rels
23:52:01.549 [main] DEBUG - Parsing relationship: /_rels/.rels
23:52:01.558 [main] DEBUG - Save content types part
23:52:01.559 [main] DEBUG - Save package relationships
23:52:01.559 [main] DEBUG - Save part 'docProps/app.xml'
23:52:01.559 [main] DEBUG - Save part 'docProps/core.xml'
23:52:01.560 [main] DEBUG - Save part 'xl/sharedStrings.xml'
23:52:01.560 [main] DEBUG - Save part 'xl/styles.xml'
23:52:01.560 [main] DEBUG - Save part 'xl/theme/theme1.xml'
23:52:01.560 [main] DEBUG - Save part 'xl/workbook.xml'
23:52:01.561 [main] DEBUG - Save part 'xl/worksheets/sheet1.xml'
23:52:01.566 [main] DEBUG - Parsing relationship: /xl/_rels/workbook.xml.rels
23:52:01.566 [main] DEBUG - Parsing relationship: /xl/worksheets/_rels/sheet1.xml.rels
23:52:01.567 [main] DEBUG - Parsing relationship: /_rels/.rels
23:52:01.579 [main] DEBUG - Save content types part
23:52:01.580 [main] DEBUG - Save package relationships
23:52:01.580 [main] DEBUG - Save part 'docProps/app.xml'
23:52:01.580 [main] DEBUG - Save part 'docProps/core.xml'
23:52:01.581 [main] DEBUG - Save part 'xl/sharedStrings.xml'
23:52:01.581 [main] DEBUG - Save part 'xl/styles.xml'
23:52:01.582 [main] DEBUG - Save part 'xl/theme/theme1.xml'
23:52:01.582 [main] DEBUG - Save part 'xl/workbook.xml'
23:52:01.583 [main] DEBUG - Save part 'xl/worksheets/sheet1.xml'
23:52:01.590 [main] DEBUG - Parsing relationship: /xl/_rels/workbook.xml.rels
23:52:01.590 [main] DEBUG - Parsing relationship: /xl/worksheets/_rels/sheet1.xml.rels
23:52:01.590 [main] DEBUG - Parsing relationship: /_rels/.rels
