23:52:01.605 [main] DEBUG - Save content types part
23:52:01.611 [main] DEBUG - Save package relationships
23:52:01.612 [main] DEBUG - Save part 'docProps/app.xml'
23:52:01.612 [main] DEBUG - Save part 'docProps/core.xml'
23:52:01.613 [main] DEBUG - Save part 'xl/sharedStrings.xml'
23:52:01.613 [main] DEBUG - Save part 'xl/styles.xml'
23:52:01.614 [main] DEBUG - Save part 'xl/theme/theme1.xml'
23:52:01.614 [main] DEBUG - Save part 'xl/workbook.xml'
23:52:01.615 [main] DEBUG - Save part 'xl/worksheets/sheet1.xml'
23:52:01.622 [main] DEBUG - Parsing relationship: /xl/_rels/workbook.xml.rels
23:52:01.623 [main] DEBUG - Parsing relationship: /xl/worksheets/_rels/sheet1.xml.rels
23:52:01.624 [main] DEBUG - Parsing relationship: /_rels/.rels
23:52:01.634 [main] DEBUG - Save content types part
23:52:01.635 [main] DEBUG - Save package relationships
23:52:01.636 [main] DEBUG - Save part 'docProps/app.xml'
23:52:01.636 [main] DEBUG - Save part 'docProps/core.xml'
23:52:01.636 [main] DEBUG - Save part 'xl/sharedStrings.xml'
23:52:01.636 [main] DEBUG - Save part 'xl/styles.xml'
23:52:01.637 [main] DEBUG - Save part 'xl/theme/theme1.xml'
23:52:01.637 [main] DEBUG - Save part 'xl/workbook.xml'
23:52:01.637 [main] DEBUG - Save part 'xl/worksheets/sheet1.xml'
23:52:01.643 [main] DEBUG - Parsing relationship: /xl/_rels/workbook.xml.rels
23:52:01.643 [main] DEBUG - Parsing relationship: /xl/worksheets/_rels/sheet1.xml.rels
23:52:01.643 [main] DEBUG - Parsing relationship: /_rels/.rels
23:52:01.656 [main] DEBUG - Save content types part
23:52:01.656 [main] DEBUG - Save package relationships
23:52:01.657 [main] DEBUG - Save part 'docProps/app.xml'
23:52:01.657 [main] DEBUG - Save part 'docProps/core.xml'
23:52:01.657 [main] DEBUG - Save part 'xl/sharedStrings.xml'
23:52:01.658 [main] DEBUG - Save part 'xl/styles.xml'
23:52:01.658 [main] DEBUG - Save part 'xl/theme/theme1.xml'
23:52:01.658 [main] DEBUG - Save part 'xl/workbook.xml'
23:52:01.659 [main] DEBUG - Save part 'xl/worksheets/sheet1.xml'
23:52:01.665 [main] DEBUG - Parsing relationship: /xl/_rels/workbook.xml.rels
23:52:01.665 [main] DEBUG - Parsing relationship: /xl/worksheets/_rels/sheet1.xml.rels
23:52:01.665 [main] DEBUG - Parsing relationship: /_rels/.rels
23:52:01.674 [main] DEBUG - Save content types part
23:52:01.675 [main] DEBUG - Save package relationships
23:52:01.675 [main] DEBUG - Save part 'docProps/app.xml'
23:52:01.675 [main] DEBUG - Save part 'docProps/core.xml'
23:52:01.675 [main] DEBUG - Save part 'xl/sharedStrings.xml'
23:52:01.676 [main] DEBUG - Save part 'xl/styles.xml'
23:52:01.676 [main] DEBUG - Save part 'xl/theme/theme1.xml'
23:52:01.676 [main] DEBUG - Save part 'xl/workbook.xml'
23:52:01.677 [main] DEBUG - Save part 'xl/worksheets/sheet1.xml'
23:52:01.682 [main] DEBUG - Parsing relationship: /xl/_rels/workbook.xml.rels
23:52:01.682 [main] DEBUG - Parsing relationship: /xl/worksheets/_rels/sheet1.xml.rels
23:52:01.683 [main] DEBUG - Parsing relationship: /_rels/.rels
23:52:01.692 [main] DEBUG - Save content types part
23:52:01.692 [main] DEBUG - Save package relationships
23:52:01.693 [main] DEBUG - Save part 'docProps/app.xml'
23:52:01.693 [main] DEBUG - Save part 'docProps/core.xml'
23:52:01.693 [main] DEBUG - Save part 'xl/sharedStrings.xml'
23:52:01.694 [main] DEBUG - Save part 'xl/styles.xml'
23:52:01.694 [main] DEBUG - Save part 'xl/theme/theme1.xml'
23:52:01.694 [main] DEBUG - Save part 'xl/workbook.xml'
23:52:01.694 [main] DEBUG - Save part 'xl/worksheets/sheet1.xml'
23:52:01.699 [main] DEBUG - Parsing relationship: /xl/_rels/workbook.xml.rels
23:52:01.699 [main] DEBUG - Parsing relationship: /xl/worksheets/_rels/sheet1.xml.rels
23:52:01.699 [main] DEBUG - Parsing relationship: /_rels/.rels
23:52:01.706 [main] DEBUG - Save content types part
23:52:01.707 [main] DEBUG - Save package relationships
23:52:01.707 [main] DEBUG - Save part 'docProps/app.xml'
23:52:01.707 [main] DEBUG - Save part 'docProps/core.xml'
23:52:01.708 [main] DEBUG - Save part 'xl/sharedStrings.xml'
23:52:01.708 [main] DEBUG - Save part 'xl/styles.xml'
23:52:01.708 [main] DEBUG - Save part 'xl/theme/theme1.xml'
23:52:01.708 [main] DEBUG - Save part 'xl/workbook.xml'
23:52:01.709 [main] DEBUG - Save part 'xl/worksheets/sheet1.xml'
23:52:01.713 [main] DEBUG - Parsing relationship: /xl/_rels/workbook.xml.rels
23:52:01.713 [main] DEBUG - Parsing relationship: /xl/worksheets/_rels/sheet1.xml.rels
23:52:01.714 [main] DEBUG - Parsing relationship: /_rels/.rels
23:52:01.722 [main] DEBUG - Save content types part
23:52:01.722 [main] DEBUG - Save package relationships
23:52:01.722 [main] DEBUG - Save part 'docProps/app.xml'
23:52:01.723 [main] DEBUG - Save part 'docProps/core.xml'
23:52:01.723 [main] DEBUG - Save part 'xl/sharedStrings.xml'
23:52:01.723 [main] DEBUG - Save part 'xl/styles.xml'
23:52:01.723 [main] DEBUG - Save part 'xl/theme/theme1.xml'
23:52:01.723 [main] DEBUG - Save part 'xl/workbook.xml'
23:52:01.724 [main] DEBUG - Save part 'xl/worksheets/sheet1.xml'
23:52:01.730 [main] DEBUG - Parsing relationship: /xl/_rels/workbook.xml.rels
23:52:01.730 [main] DEBUG - Parsing relationship: /xl/worksheets/_rels/sheet1.xml.rels
23:52:01.730 [main] DEBUG - Parsing relationship: /_rels/.rels
23:52:01.739 [main] DEBUG - Save content types part
23:52:01.739 [main] DEBUG - Save package relationships
23:52:01.740 [main] DEBUG - Save part 'docProps/app.xml'
23:52:01.740 [main] DEBUG - Save part 'docProps/core.xml'
23:52:01.740 [main] DEBUG - Save part 'xl/sharedStrings.xml'
23:52:01.740 [main] DEBUG - Save part 'xl/styles.xml'
23:52:01.741 [main] DEBUG - Save part 'xl/theme/theme1.xml'
23:52:01.741 [main] DEBUG - Save part 'xl/workbook.xml'
23:52:01.741 [main] DEBUG - Save part 'xl/worksheets/sheet1.xml'
23:52:01.746 [main] DEBUG - Parsing relationship: /xl/_rels/workbook.xml.rels
23:52:01.746 [main] DEBUG - Parsing relationship: /xl/worksheets/_rels/sheet1.xml.rels
23:52:01.746 [main] DEBUG - Parsing relationship: /_rels/.rels
23:52:01.755 [main] DEBUG - Save content types part
23:52:01.756 [main] DEBUG - Save package relationships
23:52:01.756 [main] DEBUG - Save part 'docProps/app.xml'
23:52:01.756 [main] DEBUG - Save part 'docProps/core.xml'
23:52:01.756 [main] DEBUG - Save part 'xl/sharedStrings.xml'
23:52:01.757 [main] DEBUG - Save part 'xl/styles.xml'
23:52:01.757 [main] DEBUG - Save part 'xl/theme/theme1.xml'
23:52:01.757 [main] DEBUG - Save part 'xl/workbook.xml'
23:52:01.757 [main] DEBUG - Save part 'xl/worksheets/sheet1.xml'
23:52:01.762 [main] DEBUG - Parsing relationship: /xl/_rels/workbook.xml.rels
23:52:01.762 [main] DEBUG - Parsing relationship: /xl/worksheets/_rels/sheet1.xml.rels
23:52:01.762 [main] DEBUG - Parsing relationship: /_rels/.rels
23:52:01.770 [main] DEBUG - Save content types part
23:52:01.770 [main] DEBUG - Save package relationships
23:52:01.771 [main] DEBUG - Save part 'docProps/app.xml'
23:52:01.771 [main] DEBUG - Save part 'docProps/core.xml'
23:52:01.771 [main] DEBUG - Save part 'xl/sharedStrings.xml'
23:52:01.771 [main] DEBUG - Save part 'xl/styles.xml'
23:52:01.771 [main] DEBUG - Save part 'xl/theme/theme1.xml'
23:52:01.771 [main] DEBUG - Save part 'xl/workbook.xml'
23:52:01.772 [main] DEBUG - Save part 'xl/worksheets/sheet1.xml'
23:52:01.778 [main] DEBUG - Parsing relationship: /xl/_rels/workbook.xml.rels
23:52:01.778 [main] DEBUG - Parsing relationship: /xl/worksheets/_rels/sheet1.xml.rels
23:52:01.779 [main] DEBUG - Parsing relationship: /_rels/.rels
23:52:01.790 [main] DEBUG - Save content types part
23:52:01.791 [main] DEBUG - Save package relationships
23:52:01.791 [main] DEBUG - Save part 'docProps/app.xml'
23:52:01.791 [main] DEBUG - Save part 'docProps/core.xml'
23:52:01.792 [main] DEBUG - Save part 'xl/sharedStrings.xml'
23:52:01.792 [main] DEBUG - Save part 'xl/styles.xml'
23:52:01.792 [main] DEBUG - Save part 'xl/theme/theme1.xml'
23:52:01.792 [main] DEBUG - Save part 'xl/workbook.xml'
23:52:01.793 [main] DEBUG - Save part 'xl/worksheets/sheet1.xml'
23:52:01.798 [main] DEBUG - Parsing relationship: /xl/_rels/workbook.xml.rels
23:52:01.798 [main] DEBUG - Parsing relationship: /xl/worksheets/_rels/sheet1.xml.rels
23:52:01.799 [main] DEBUG - Parsing relationship: /_rels/.rels
23:52:01.809 [main] DEBUG - Save content types part
23:52:01.809 [main] DEBUG - Save package relationships
23:52:01.810 [main] DEBUG - Save part 'docProps/app.xml'
23:52:01.810 [main] DEBUG - Save part 'docProps/core.xml'
23:52:01.811 [main] DEBUG - Save part 'xl/sharedStrings.xml'
23:52:01.811 [main] DEBUG - Save part 'xl/styles.xml'
23:52:01.811 [main] DEBUG - Save part 'xl/theme/theme1.xml'
23:52:01.811 [main] DEBUG - Save part 'xl/workbook.xml'
23:52:01.812 [main] DEBUG - Save part 'xl/worksheets/sheet1.xml'
23:52:01.817 [main] DEBUG - Parsing relationship: /xl/_rels/workbook.xml.rels
23:52:01.818 [main] DEBUG - Parsing relationship: /xl/worksheets/_rels/sheet1.xml.rels
23:52:01.818 [main] DEBUG - Parsing relationship: /_rels/.rels
23:52:01.829 [main] DEBUG - Save content types part
23:52:01.830 [main] DEBUG - Save package relationships
23:52:01.830 [main] DEBUG - Save part 'docProps/app.xml'
23:52:01.830 [main] DEBUG - Save part 'docProps/core.xml'
23:52:01.831 [main] DEBUG - Save part 'xl/sharedStrings.xml'
23:52:01.832 [main] DEBUG - Save part 'xl/styles.xml'
23:52:01.832 [main] DEBUG - Save part 'xl/theme/theme1.xml'
23:52:01.832 [main] DEBUG - Save part 'xl/workbook.xml'
23:52:01.833 [main] DEBUG - Save part 'xl/worksheets/sheet1.xml'
23:52:01.840 [main] DEBUG - Parsing relationship: /xl/_rels/workbook.xml.rels
23:52:01.841 [main] DEBUG - Parsing relationship: /xl/worksheets/_rels/sheet1.xml.rels
23:52:01.841 [main] DEBUG - Parsing relationship: /_rels/.rels
23:52:01.856 [main] DEBUG - Save content types part
23:52:01.857 [main] DEBUG - Save package relationships
23:52:01.858 [main] DEBUG - Save part 'docProps/app.xml'
23:52:01.858 [main] DEBUG - Save part 'docProps/core.xml'
23:52:01.859 [main] DEBUG - Save part 'xl/sharedStrings.xml'
23:52:01.859 [main] DEBUG - Save part 'xl/styles.xml'
23:52:01.859 [main] DEBUG - Save part 'xl/theme/theme1.xml'
23:52:01.860 [main] DEBUG - Save part 'xl/workbook.xml'
23:52:01.860 [main] DEBUG - Save part 'xl/worksheets/sheet1.xml'
23:52:01.868 [main] DEBUG - Parsing relationship: /xl/_rels/workbook.xml.rels
23:52:01.868 [main] DEBUG - Parsing relationship: /xl/worksheets/_rels/sheet1.xml.rels
23:52:01.869 [main] DEBUG - Parsing relationship: /_rels/.rels
23:52:01.883 [main] DEBUG - Save content types part
23:52:01.883 [main] DEBUG - Save package relationships
23:52:01.884 [main] DEBUG - Save part 'docProps/app.xml'
23:52:01.884 [main] DEBUG - Save part 'docProps/core.xml'
23:52:01.885 [main] DEBUG - Save part 'xl/sharedStrings.xml'
23:52:01.885 [main] DEBUG - Save part 'xl/styles.xml'
23:52:01.885 [main] DEBUG - Save part 'xl/theme/theme1.xml'
23:52:01.885 [main] DEBUG - Save part 'xl/workbook.xml'
23:52:01.886 [main] DEBUG - Save part 'xl/worksheets/sheet1.xml'
23:52:01.892 [main] DEBUG - Parsing relationship: /xl/_rels/workbook.xml.rels
23:52:01.892 [main] DEBUG - Parsing relationship: /xl/worksheets/_rels/sheet1.xml.rels
23:52:01.892 [main] DEBUG - Parsing relationship: /_rels/.rels
23:52:01.904 [main] DEBUG - Save content types part
23:52:01.905 [main] DEBUG - Save package relationships
23:52:01.905 [main] DEBUG - Save part 'docProps/app.xml'
23:52:01.905 [main] DEBUG - Save part 'docProps/core.xml'
23:52:01.905 [main] DEBUG - Save part 'xl/sharedStrings.xml'
23:52:01.906 [main] DEBUG - Save part 'xl/styles.xml'
23:52:01.906 [main] DEBUG - Save part 'xl/theme/theme1.xml'
23:52:01.906 [main] DEBUG - Save part 'xl/workbook.xml'
23:52:01.907 [main] DEBUG - Save part 'xl/worksheets/sheet1.xml'
23:52:01.913 [main] DEBUG - Parsing relationship: /xl/_rels/workbook.xml.rels
23:52:01.913 [main] DEBUG - Parsing relationship: /xl/worksheets/_rels/sheet1.xml.rels
23:52:01.913 [main] DEBUG - Parsing relationship: /_rels/.rels
23:52:01.922 [main] DEBUG - Save content types part
23:52:01.923 [main] DEBUG - Save package relationships
23:52:01.924 [main] DEBUG - Save part 'docProps/app.xml'
23:52:01.924 [main] DEBUG - Save part 'docProps/core.xml'
23:52:01.924 [main] DEBUG - Save part 'xl/sharedStrings.xml'
23:52:01.925 [main] DEBUG - Save part 'xl/styles.xml'
23:52:01.925 [main] DEBUG - Save part 'xl/theme/theme1.xml'
23:52:01.925 [main] DEBUG - Save part 'xl/workbook.xml'
23:52:01.925 [main] DEBUG - Save part 'xl/worksheets/sheet1.xml'
23:52:01.932 [main] DEBUG - Parsing relationship: /xl/_rels/workbook.xml.rels
23:52:01.932 [main] DEBUG - Parsing relationship: /xl/worksheets/_rels/sheet1.xml.rels
23:52:01.932 [main] DEBUG - Parsing relationship: /_rels/.rels
23:52:01.940 [main] DEBUG - Save content types part
23:52:01.940 [main] DEBUG - Save package relationships
23:52:01.940 [main] DEBUG - Save part 'docProps/app.xml'
23:52:01.940 [main] DEBUG - Save part 'docProps/core.xml'
23:52:01.941 [main] DEBUG - Save part 'xl/sharedStrings.xml'
23:52:01.941 [main] DEBUG - Save part 'xl/styles.xml'
23:52:01.941 [main] DEBUG - Save part 'xl/theme/theme1.xml'
23:52:01.941 [main] DEBUG - Save part 'xl/workbook.xml'
23:52:01.942 [main] DEBUG - Save part 'xl/worksheets/sheet1.xml'
23:52:01.948 [main] DEBUG - Parsing relationship: /xl/_rels/workbook.xml.rels
23:52:01.948 [main] DEBUG - Parsing relationship: /xl/worksheets/_rels/sheet1.xml.rels
23:52:01.948 [main] DEBUG - Parsing relationship: /_rels/.rels
23:52:01.958 [main] DEBUG - Save content types part
23:52:01.959 [main] DEBUG - Save package relationships
23:52:01.959 [main] DEBUG - Save part 'docProps/app.xml'
23:52:01.959 [main] DEBUG - Save part 'docProps/core.xml'
23:52:01.960 [main] DEBUG - Save part 'xl/sharedStrings.xml'
23:52:01.960 [main] DEBUG - Save part 'xl/styles.xml'
23:52:01.960 [main] DEBUG - Save part 'xl/theme/theme1.xml'
23:52:01.960 [main] DEBUG - Save part 'xl/workbook.xml'
23:52:01.960 [main] DEBUG - Save part 'xl/worksheets/sheet1.xml'
23:52:01.968 [main] DEBUG - Parsing relationship: /xl/_rels/workbook.xml.rels
23:52:01.968 [main] DEBUG - Parsing relationship: /xl/worksheets/_rels/sheet1.xml.rels
23:52:01.968 [main] DEBUG - Parsing relationship: /_rels/.rels
23:52:01.977 [main] DEBUG - Save content types part
23:52:01.977 [main] DEBUG - Save package relationships
23:52:01.977 [main] DEBUG - Save part 'docProps/app.xml'
23:52:01.977 [main] DEBUG - Save part 'docProps/core.xml'
23:52:01.978 [main] DEBUG - Save part 'xl/sharedStrings.xml'
23:52:01.978 [main] DEBUG - Save part 'xl/styles.xml'
23:52:01.978 [main] DEBUG - Save part 'xl/theme/theme1.xml'
23:52:01.978 [main] DEBUG - Save part 'xl/workbook.xml'
23:52:01.980 [main] DEBUG - Save part 'xl/worksheets/sheet1.xml'
23:52:01.985 [main] DEBUG - Parsing relationship: /xl/_rels/workbook.xml.rels
23:52:01.985 [main] DEBUG - Parsing relationship: /xl/worksheets/_rels/sheet1.xml.rels
23:52:01.985 [main] DEBUG - Parsing relationship: /_rels/.rels
23:52:01.995 [main] DEBUG - Save content types part
23:52:01.995 [main] DEBUG - Save package relationships
23:52:01.995 [main] DEBUG - Save part 'docProps/app.xml'
23:52:01.995 [main] DEBUG - Save part 'docProps/core.xml'
23:52:01.996 [main] DEBUG - Save part 'xl/sharedStrings.xml'
23:52:01.996 [main] DEBUG - Save part 'xl/styles.xml'
23:52:01.996 [main] DEBUG - Save part 'xl/theme/theme1.xml'
23:52:01.996 [main] DEBUG - Save part 'xl/workbook.xml'
23:52:01.997 [main] DEBUG - Save part 'xl/worksheets/sheet1.xml'
23:52:02.004 [main] DEBUG - Parsing relationship: /xl/_rels/workbook.xml.rels
23:52:02.004 [main] DEBUG - Parsing relationship: /xl/worksheets/_rels/sheet1.xml.rels
23:52:02.004 [main] DEBUG - Parsing relationship: /_rels/.rels
23:52:02.014 [main] DEBUG - Save content types part
23:52:02.015 [main] DEBUG - Save package relationships
23:52:02.015 [main] DEBUG - Save part 'docProps/app.xml'
23:52:02.015 [main] DEBUG - Save part 'docProps/core.xml'
23:52:02.015 [main] DEBUG - Save part 'xl/sharedStrings.xml'
23:52:02.015 [main] DEBUG - Save part 'xl/styles.xml'
23:52:02.015 [main] DEBUG - Save part 'xl/theme/theme1.xml'
23:52:02.016 [main] DEBUG - Save part 'xl/workbook.xml'
23:52:02.016 [main] DEBUG - Save part 'xl/worksheets/sheet1.xml'
23:52:02.021 [main] DEBUG - Parsing relationship: /xl/_rels/workbook.xml.rels
23:52:02.022 [main] DEBUG - Parsing relationship: /xl/worksheets/_rels/sheet1.xml.rels
23:52:02.022 [main] DEBUG - Parsing relationship: /_rels/.rels
23:52:02.030 [main] DEBUG - Save content types part
23:52:02.030 [main] DEBUG - Save package relationships
23:52:02.030 [main] DEBUG - Save part 'docProps/app.xml'
23:52:02.030 [main] DEBUG - Save part 'docProps/core.xml'
23:52:02.032 [main] DEBUG - Save part 'xl/sharedStrings.xml'
23:52:02.032 [main] DEBUG - Save part 'xl/styles.xml'
23:52:02.032 [main] DEBUG - Save part 'xl/theme/theme1.xml'
23:52:02.032 [main] DEBUG - Save part 'xl/workbook.xml'
23:52:02.033 [main] DEBUG - Save part 'xl/worksheets/sheet1.xml'
23:52:02.037 [main] DEBUG - Parsing relationship: /xl/_rels/workbook.xml.rels
23:52:02.037 [main] DEBUG - Parsing relationship: /xl/worksheets/_rels/sheet1.xml.rels
23:52:02.037 [main] DEBUG - Parsing relationship: /_rels/.rels
23:52:02.046 [main] DEBUG - Save content types part
23:52:02.046 [main] DEBUG - Save package relationships
23:52:02.046 [main] DEBUG - Save part 'docProps/app.xml'
23:52:02.047 [main] DEBUG - Save part 'docProps/core.xml'
23:52:02.047 [main] DEBUG - Save part 'xl/sharedStrings.xml'
23:52:02.047 [main] DEBUG - Save part 'xl/styles.xml'
23:52:02.047 [main] DEBUG - Save part 'xl/theme/theme1.xml'
23:52:02.047 [main] DEBUG - Save part 'xl/workbook.xml'
23:52:02.048 [main] DEBUG - Save part 'xl/worksheets/sheet1.xml'
23:52:02.052 [main] DEBUG - Parsing relationship: /xl/_rels/workbook.xml.rels
23:52:02.053 [main] DEBUG - Parsing relationship: /xl/worksheets/_rels/sheet1.xml.rels
23:52:02.053 [main] DEBUG - Parsing relationship: /_rels/.rels
23:52:02.066 [main] DEBUG - Save content types part
23:52:02.067 [main] DEBUG - Save package relationships
23:52:02.067 [main] DEBUG - Save part 'docProps/app.xml'
23:52:02.067 [main] DEBUG - Save part 'docProps/core.xml'
23:52:02.068 [main] DEBUG - Save part 'xl/sharedStrings.xml'
23:52:02.068 [main] DEBUG - Save part 'xl/styles.xml'
23:52:02.068 [main] DEBUG - Save part 'xl/theme/theme1.xml'
23:52:02.068 [main] DEBUG - Save part 'xl/workbook.xml'
23:52:02.069 [main] DEBUG - Save part 'xl/worksheets/sheet1.xml'
23:52:02.074 [main] DEBUG - Parsing relationship: /xl/_rels/workbook.xml.rels
23:52:02.074 [main] DEBUG - Parsing relationship: /xl/worksheets/_rels/sheet1.xml.rels
23:52:02.074 [main] DEBUG - Parsing relationship: /_rels/.rels
23:52:02.084 [main] DEBUG - Save content types part
23:52:02.084 [main] DEBUG - Save package relationships
23:52:02.085 [main] DEBUG - Save part 'docProps/app.xml'
23:52:02.085 [main] DEBUG - Save part 'docProps/core.xml'
23:52:02.085 [main] DEBUG - Save part 'xl/sharedStrings.xml'
23:52:02.085 [main] DEBUG - Save part 'xl/styles.xml'
23:52:02.086 [main] DEBUG - Save part 'xl/theme/theme1.xml'
23:52:02.086 [main] DEBUG - Save part 'xl/workbook.xml'
23:52:02.086 [main] DEBUG - Save part 'xl/worksheets/sheet1.xml'
23:52:02.093 [main] DEBUG - Parsing relationship: /xl/_rels/workbook.xml.rels
23:52:02.093 [main] DEBUG - Parsing relationship: /xl/worksheets/_rels/sheet1.xml.rels
23:52:02.094 [main] DEBUG - Parsing relationship: /_rels/.rels
23:52:02.107 [main] DEBUG - Save content types part
23:52:02.108 [main] DEBUG - Save package relationships
23:52:02.108 [main] DEBUG - Save part 'docProps/app.xml'
23:52:02.108 [main] DEBUG - Save part 'docProps/core.xml'
23:52:02.109 [main] DEBUG - Save part 'xl/sharedStrings.xml'
23:52:02.109 [main] DEBUG - Save part 'xl/styles.xml'
23:52:02.109 [main] DEBUG - Save part 'xl/theme/theme1.xml'
23:52:02.110 [main] DEBUG - Save part 'xl/workbook.xml'
23:52:02.110 [main] DEBUG - Save part 'xl/worksheets/sheet1.xml'
23:52:02.116 [main] DEBUG - Parsing relationship: /xl/_rels/workbook.xml.rels
23:52:02.116 [main] DEBUG - Parsing relationship: /xl/worksheets/_rels/sheet1.xml.rels
23:52:02.116 [main] DEBUG - Parsing relationship: /_rels/.rels
23:52:02.125 [main] DEBUG - Save content types part
23:52:02.126 [main] DEBUG - Save package relationships
23:52:02.126 [main] DEBUG - Save part 'docProps/app.xml'
23:52:02.126 [main] DEBUG - Save part 'docProps/core.xml'
23:52:02.127 [main] DEBUG - Save part 'xl/sharedStrings.xml'
23:52:02.127 [main] DEBUG - Save part 'xl/styles.xml'
23:52:02.127 [main] DEBUG - Save part 'xl/theme/theme1.xml'
23:52:02.127 [main] DEBUG - Save part 'xl/workbook.xml'
23:52:02.127 [main] DEBUG - Save part 'xl/worksheets/sheet1.xml'
23:52:02.132 [main] DEBUG - Parsing relationship: /xl/_rels/workbook.xml.rels
23:52:02.132 [main] DEBUG - Parsing relationship: /xl/worksheets/_rels/sheet1.xml.rels
23:52:02.132 [main] DEBUG - Parsing relationship: /_rels/.rels
23:52:02.139 [main] DEBUG - Save content types part
23:52:02.140 [main] DEBUG - Save package relationships
23:52:02.140 [main] DEBUG - Save part 'docProps/app.xml'
23:52:02.140 [main] DEBUG - Save part 'docProps/core.xml'
23:52:02.140 [main] DEBUG - Save part 'xl/sharedStrings.xml'
23:52:02.140 [main] DEBUG - Save part 'xl/styles.xml'
23:52:02.140 [main] DEBUG - Save part 'xl/theme/theme1.xml'
23:52:02.141 [main] DEBUG - Save part 'xl/workbook.xml'
23:52:02.141 [main] DEBUG - Save part 'xl/worksheets/sheet1.xml'
23:52:02.146 [main] DEBUG - Parsing relationship: /xl/_rels/workbook.xml.rels
23:52:02.146 [main] DEBUG - Parsing relationship: /xl/worksheets/_rels/sheet1.xml.rels
23:52:02.146 [main] DEBUG - Parsing relationship: /_rels/.rels
23:52:02.155 [main] DEBUG - Save content types part
23:52:02.156 [main] DEBUG - Save package relationships
23:52:02.156 [main] DEBUG - Save part 'docProps/app.xml'
23:52:02.156 [main] DEBUG - Save part 'docProps/core.xml'
23:52:02.157 [main] DEBUG - Save part 'xl/sharedStrings.xml'
23:52:02.157 [main] DEBUG - Save part 'xl/styles.xml'
23:52:02.157 [main] DEBUG - Save part 'xl/theme/theme1.xml'
23:52:02.157 [main] DEBUG - Save part 'xl/workbook.xml'
23:52:02.158 [main] DEBUG - Save part 'xl/worksheets/sheet1.xml'
23:52:02.163 [main] DEBUG - Parsing relationship: /xl/_rels/workbook.xml.rels
23:52:02.163 [main] DEBUG - Parsing relationship: /xl/worksheets/_rels/sheet1.xml.rels
23:52:02.164 [main] DEBUG - Parsing relationship: /_rels/.rels
23:52:02.176 [main] DEBUG - Save content types part
23:52:02.177 [main] DEBUG - Save package relationships
23:52:02.178 [main] DEBUG - Save part 'docProps/app.xml'
23:52:02.178 [main] DEBUG - Save part 'docProps/core.xml'
23:52:02.178 [main] DEBUG - Save part 'xl/sharedStrings.xml'
23:52:02.179 [main] DEBUG - Save part 'xl/styles.xml'
23:52:02.179 [main] DEBUG - Save part 'xl/theme/theme1.xml'
23:52:02.180 [main] DEBUG - Save part 'xl/workbook.xml'
23:52:02.182 [main] DEBUG - Save part 'xl/worksheets/sheet1.xml'
23:52:02.193 [main] DEBUG - Parsing relationship: /xl/_rels/workbook.xml.rels
23:52:02.193 [main] DEBUG - Parsing relationship: /xl/worksheets/_rels/sheet1.xml.rels
23:52:02.193 [main] DEBUG - Parsing relationship: /_rels/.rels
23:52:02.212 [main] DEBUG - Save content types part
23:52:02.214 [main] DEBUG - Save package relationships
23:52:02.216 [main] DEBUG - Save part 'docProps/app.xml'
23:52:02.216 [main] DEBUG - Save part 'docProps/core.xml'
23:52:02.218 [main] DEBUG - Save part 'xl/sharedStrings.xml'
23:52:02.218 [main] DEBUG - Save part 'xl/styles.xml'
23:52:02.218 [main] DEBUG - Save part 'xl/theme/theme1.xml'
23:52:02.220 [main] DEBUG - Save part 'xl/workbook.xml'
23:52:02.222 [main] DEBUG - Save part 'xl/worksheets/sheet1.xml'
23:52:02.230 [main] DEBUG - Parsing relationship: /xl/_rels/workbook.xml.rels
23:52:02.230 [main] DEBUG - Parsing relationship: /xl/worksheets/_rels/sheet1.xml.rels
23:52:02.230 [main] DEBUG - Parsing relationship: /_rels/.rels
23:52:02.250 [main] DEBUG - Save content types part
23:52:02.251 [main] DEBUG - Save package relationships
23:52:02.252 [main] DEBUG - Save part 'docProps/app.xml'
23:52:02.252 [main] DEBUG - Save part 'docProps/core.xml'
23:52:02.253 [main] DEBUG - Save part 'xl/sharedStrings.xml'
23:52:02.253 [main] DEBUG - Save part 'xl/styles.xml'
23:52:02.254 [main] DEBUG - Save part 'xl/theme/theme1.xml'
23:52:02.254 [main] DEBUG - Save part 'xl/workbook.xml'
23:52:02.255 [main] DEBUG - Save part 'xl/worksheets/sheet1.xml'
23:52:02.265 [main] DEBUG - Parsing relationship: /xl/_rels/workbook.xml.rels
23:52:02.265 [main] DEBUG - Parsing relationship: /xl/worksheets/_rels/sheet1.xml.rels
23:52:02.266 [main] DEBUG - Parsing relationship: /_rels/.rels
23:52:02.286 [main] DEBUG - Save content types part
23:52:02.287 [main] DEBUG - Save package relationships
23:52:02.288 [main] DEBUG - Save part 'docProps/app.xml'
23:52:02.288 [main] DEBUG - Save part 'docProps/core.xml'
23:52:02.289 [main] DEBUG - Save part 'xl/sharedStrings.xml'
23:52:02.289 [main] DEBUG - Save part 'xl/styles.xml'
23:52:02.290 [main] DEBUG - Save part 'xl/theme/theme1.xml'
23:52:02.290 [main] DEBUG - Save part 'xl/workbook.xml'
23:52:02.290 [main] DEBUG - Save part 'xl/worksheets/sheet1.xml'
23:52:02.301 [main] DEBUG - Parsing relationship: /xl/_rels/workbook.xml.rels
23:52:02.301 [main] DEBUG - Parsing relationship: /xl/worksheets/_rels/sheet1.xml.rels
23:52:02.302 [main] DEBUG - Parsing relationship: /_rels/.rels
23:52:02.327 [main] DEBUG - Save content types part
23:52:02.328 [main] DEBUG - Save package relationships
23:52:02.328 [main] DEBUG - Save part 'docProps/app.xml'
23:52:02.328 [main] DEBUG - Save part 'docProps/core.xml'
23:52:02.329 [main] DEBUG - Save part 'xl/sharedStrings.xml'
23:52:02.329 [main] DEBUG - Save part 'xl/styles.xml'
23:52:02.329 [main] DEBUG - Save part 'xl/theme/theme1.xml'
23:52:02.330 [main] DEBUG - Save part 'xl/workbook.xml'
23:52:02.330 [main] DEBUG - Save part 'xl/worksheets/sheet1.xml'
23:52:02.339 [main] DEBUG - Parsing relationship: /xl/_rels/workbook.xml.rels
23:52:02.340 [main] DEBUG - Parsing relationship: /xl/worksheets/_rels/sheet1.xml.rels
23:52:02.340 [main] DEBUG - Parsing relationship: /_rels/.rels
23:52:02.366 [main] DEBUG - Save content types part
23:52:02.368 [main] DEBUG - Save package relationships
23:52:02.369 [main] DEBUG - Save part 'docProps/app.xml'
23:52:02.370 [main] DEBUG - Save part 'docProps/core.xml'
23:52:02.372 [main] DEBUG - Save part 'xl/sharedStrings.xml'
23:52:02.372 [main] DEBUG - Save part 'xl/styles.xml'
23:52:02.372 [main] DEBUG - Save part 'xl/theme/theme1.xml'
23:52:02.372 [main] DEBUG - Save part 'xl/workbook.xml'
23:52:02.373 [main] DEBUG - Save part 'xl/worksheets/sheet1.xml'
23:52:02.380 [main] DEBUG - Parsing relationship: /xl/_rels/workbook.xml.rels
23:52:02.380 [main] DEBUG - Parsing relationship: /xl/worksheets/_rels/sheet1.xml.rels
23:52:02.381 [main] DEBUG - Parsing relationship: /_rels/.rels
23:52:02.417 [main] DEBUG - Save content types part
23:52:02.419 [main] DEBUG - Save package relationships
23:52:02.420 [main] DEBUG - Save part 'docProps/app.xml'
23:52:02.420 [main] DEBUG - Save part 'docProps/core.xml'
23:52:02.422 [main] DEBUG - Save part 'xl/sharedStrings.xml'
23:52:02.423 [main] DEBUG - Save part 'xl/styles.xml'
23:52:02.424 [main] DEBUG - Save part 'xl/theme/theme1.xml'
23:52:02.425 [main] DEBUG - Save part 'xl/workbook.xml'
23:52:02.427 [main] DEBUG - Save part 'xl/worksheets/sheet1.xml'
23:52:02.430 [main] INFO  - Expected and Actual results compared
